# JRE version: OpenJDK Runtime Environment Temurin-21.0.10+7 (21.0.10+7) (build 21.0.10+7-LTS)
# Java VM: OpenJDK 64-Bit Server VM Temurin-21.0.10+7 (21.0.10+7-LTS, mixed mode, sharing, tiered, compressed oops, compressed class ptrs, parallel gc, windows-amd64)
GC Precious Log:
 CardTable entry size: 512
 CPUs: 8 total, 8 available
 Memory: 16103M
 Large Page Support: Disabled
 NUMA Support: Disabled
 Compressed Oops: Enabled (32-bit)
 Alignments: Space 512K, Generation 512K, Heap 2M
 Heap Min Capacity: 100M
 Heap Initial Capacity: 100M
 Heap Max Capacity: 2G
 Pre-touch: Disabled
 Parallel Workers: 8
Heap:
 PSYoungGen      total 22016K, used 11505K [0x00000000d5580000, 0x00000000d6c80000, 0x0000000100000000)
  eden space 20992K, 50% used [0x00000000d5580000,0x00000000d5fee218,0x00000000d6a00000)
  from space 1024K, 80% used [0x00000000d6b80000,0x00000000d6c4e490,0x00000000d6c80000)
  to   space 1024K, 0% used [0x00000000d6a80000,0x00000000d6a80000,0x00000000d6b80000)
 ParOldGen       total 68608K, used 55251K [0x0000000080000000, 0x0000000084300000, 0x00000000d5580000)
  object space 68608K, 80% used [0x0000000080000000,0x00000000835f4e90,0x0000000084300000)
 Metaspace       used 64319K, committed 65856K, reserved 1114112K
  class space    used 7586K, committed 8256K, reserved 1048576K
GC Heap History (20 events):
Event: 14.604 GC heap before
{Heap before GC invocations=34 (full 2):
 PSYoungGen      total 26112K, used 24384K [0x00000000d5580000, 0x00000000d7200000, 0x0000000100000000)
  eden space 22016K, 100% used [0x00000000d5580000,0x00000000d6b00000,0x00000000d6b00000)
  from space 4096K, 57% used [0x00000000d6b00000,0x00000000d6d50010,0x00000000d6f00000)
  to   space 3072K, 0% used [0x00000000d6f00000,0x00000000d6f00000,0x00000000d7200000)
 ParOldGen       total 68608K, used 47525K [0x0000000080000000, 0x0000000084300000, 0x00000000d5580000)
  object space 68608K, 69% used [0x0000000080000000,0x0000000082e695d8,0x0000000084300000)
 Metaspace       used 57305K, committed 58560K, reserved 1114112K
  class space    used 6748K, committed 7296K, reserved 1048576K
}
Event: 14.607 GC heap after
{Heap after GC invocations=34 (full 2):
 PSYoungGen      total 24064K, used 1988K [0x00000000d5580000, 0x00000000d7100000, 0x0000000100000000)
  eden space 22016K, 0% used [0x00000000d5580000,0x00000000d5580000,0x00000000d6b00000)
  from space 2048K, 97% used [0x00000000d6f00000,0x00000000d70f1000,0x00000000d7100000)
  to   space 2560K, 0% used [0x00000000d6c00000,0x00000000d6c00000,0x00000000d6e80000)
 ParOldGen       total 68608K, used 49731K [0x0000000080000000, 0x0000000084300000, 0x00000000d5580000)
  object space 68608K, 72% used [0x0000000080000000,0x0000000083090f98,0x0000000084300000)
 Metaspace       used 57305K, committed 58560K, reserved 1114112K
  class space    used 6748K, committed 7296K, reserved 1048576K
}
Event: 14.661 GC heap before
{Heap before GC invocations=35 (full 2):
 PSYoungGen      total 24064K, used 24004K [0x00000000d5580000, 0x00000000d7100000, 0x0000000100000000)
  eden space 22016K, 100% used [0x00000000d5580000,0x00000000d6b00000,0x00000000d6b00000)
  from space 2048K, 97% used [0x00000000d6f00000,0x00000000d70f1000,0x00000000d7100000)
  to   space 2560K, 0% used [0x00000000d6c00000,0x00000000d6c00000,0x00000000d6e80000)
 ParOldGen       total 68608K, used 49731K [0x0000000080000000, 0x0000000084300000, 0x00000000d5580000)
  object space 68608K, 72% used [0x0000000080000000,0x0000000083090f98,0x0000000084300000)
 Metaspace       used 57333K, committed 58560K, reserved 1114112K
  class space    used 6748K, committed 7296K, reserved 1048576K
}
Event: 14.665 GC heap after
{Heap after GC invocations=35 (full 2):
 PSYoungGen      total 24576K, used 2208K [0x00000000d5580000, 0x00000000d7000000, 0x0000000100000000)
  eden space 22016K, 0% used [0x00000000d5580000,0x00000000d5580000,0x00000000d6b00000)
  from space 2560K, 86% used [0x00000000d6c00000,0x00000000d6e28010,0x00000000d6e80000)
  to   space 1536K, 0% used [0x00000000d6e80000,0x00000000d6e80000,0x00000000d7000000)
 ParOldGen       total 68608K, used 51649K [0x0000000080000000, 0x0000000084300000, 0x00000000d5580000)
  object space 68608K, 75% used [0x0000000080000000,0x00000000832705c0,0x0000000084300000)
 Metaspace       used 57333K, committed 58560K, reserved 1114112K
  class space    used 6748K, committed 7296K, reserved 1048576K
}
Event: 14.754 GC heap before
{Heap before GC invocations=36 (full 2):
 PSYoungGen      total 24576K, used 24224K [0x00000000d5580000, 0x00000000d7000000, 0x0000000100000000)
  eden space 22016K, 100% used [0x00000000d5580000,0x00000000d6b00000,0x00000000d6b00000)
  from space 2560K, 86% used [0x00000000d6c00000,0x00000000d6e28010,0x00000000d6e80000)
  to   space 1536K, 0% used [0x00000000d6e80000,0x00000000d6e80000,0x00000000d7000000)
 ParOldGen       total 68608K, used 51649K [0x0000000080000000, 0x0000000084300000, 0x00000000d5580000)
  object space 68608K, 75% used [0x0000000080000000,0x00000000832705c0,0x0000000084300000)
 Metaspace       used 57414K, committed 58752K, reserved 1114112K
  class space    used 6750K, committed 7296K, reserved 1048576K
}
Event: 14.758 GC heap after
{Heap after GC invocations=36 (full 2):
 PSYoungGen      total 22528K, used 1536K [0x00000000d5580000, 0x00000000d7400000, 0x0000000100000000)
  eden space 20992K, 0% used [0x00000000d5580000,0x00000000d5580000,0x00000000d6a00000)
  from space 1536K, 100% used [0x00000000d6e80000,0x00000000d7000000,0x00000000d7000000)
  to   space 4608K, 0% used [0x00000000d6a00000,0x00000000d6a00000,0x00000000d6e80000)
 ParOldGen       total 68608K, used 54081K [0x0000000080000000, 0x0000000084300000, 0x00000000d5580000)
  object space 68608K, 78% used [0x0000000080000000,0x00000000834d05d0,0x0000000084300000)
 Metaspace       used 57414K, committed 58752K, reserved 1114112K
  class space    used 6750K, committed 7296K, reserved 1048576K
}
Event: 14.924 GC heap before
{Heap before GC invocations=37 (full 2):
 PSYoungGen      total 22528K, used 22528K [0x00000000d5580000, 0x00000000d7400000, 0x0000000100000000)
  eden space 20992K, 100% used [0x00000000d5580000,0x00000000d6a00000,0x00000000d6a00000)
  from space 1536K, 100% used [0x00000000d6e80000,0x00000000d7000000,0x00000000d7000000)
  to   space 4608K, 0% used [0x00000000d6a00000,0x00000000d6a00000,0x00000000d6e80000)
 ParOldGen       total 68608K, used 54081K [0x0000000080000000, 0x0000000084300000, 0x00000000d5580000)
  object space 68608K, 78% used [0x0000000080000000,0x00000000834d05d0,0x0000000084300000)
 Metaspace       used 57825K, committed 59136K, reserved 1114112K
  class space    used 6788K, committed 7360K, reserved 1048576K
}
Event: 14.928 GC heap after
{Heap after GC invocations=37 (full 2):
 PSYoungGen      total 22528K, used 1307K [0x00000000d5580000, 0x00000000d6f00000, 0x0000000100000000)
  eden space 20992K, 0% used [0x00000000d5580000,0x00000000d5580000,0x00000000d6a00000)
  from space 1536K, 85% used [0x00000000d6a00000,0x00000000d6b46eb8,0x00000000d6b80000)
  to   space 2560K, 0% used [0x00000000d6c80000,0x00000000d6c80000,0x00000000d6f00000)
 ParOldGen       total 68608K, used 55641K [0x0000000080000000, 0x0000000084300000, 0x00000000d5580000)
  object space 68608K, 81% used [0x0000000080000000,0x00000000836567d0,0x0000000084300000)
 Metaspace       used 57825K, committed 59136K, reserved 1114112K
  class space    used 6788K, committed 7360K, reserved 1048576K
}
Event: 15.071 GC heap before
{Heap before GC invocations=38 (full 2):
 PSYoungGen      total 22528K, used 22299K [0x00000000d5580000, 0x00000000d6f00000, 0x0000000100000000)
  eden space 20992K, 100% used [0x00000000d5580000,0x00000000d6a00000,0x00000000d6a00000)
  from space 1536K, 85% used [0x00000000d6a00000,0x00000000d6b46eb8,0x00000000d6b80000)
  to   space 2560K, 0% used [0x00000000d6c80000,0x00000000d6c80000,0x00000000d6f00000)
 ParOldGen       total 68608K, used 55641K [0x0000000080000000, 0x0000000084300000, 0x00000000d5580000)
  object space 68608K, 81% used [0x0000000080000000,0x00000000836567d0,0x0000000084300000)
 Metaspace       used 58228K, committed 59584K, reserved 1114112K
  class space    used 6837K, committed 7360K, reserved 1048576K
}
Event: 15.073 GC heap after
{Heap after GC invocations=38 (full 2):
 PSYoungGen      total 22016K, used 995K [0x00000000d5580000, 0x00000000d6d80000, 0x0000000100000000)
  eden space 20992K, 0% used [0x00000000d5580000,0x00000000d5580000,0x00000000d6a00000)
  from space 1024K, 97% used [0x00000000d6c80000,0x00000000d6d78e98,0x00000000d6d80000)
  to   space 1536K, 0% used [0x00000000d6a80000,0x00000000d6a80000,0x00000000d6c00000)
 ParOldGen       total 68608K, used 56662K [0x0000000080000000, 0x0000000084300000, 0x00000000d5580000)
  object space 68608K, 82% used [0x0000000080000000,0x0000000083755b68,0x0000000084300000)
 Metaspace       used 58228K, committed 59584K, reserved 1114112K
  class space    used 6837K, committed 7360K, reserved 1048576K
}
Event: 15.155 GC heap before
{Heap before GC invocations=39 (full 2):
 PSYoungGen      total 22016K, used 5815K [0x00000000d5580000, 0x00000000d6d80000, 0x0000000100000000)
  eden space 20992K, 22% used [0x00000000d5580000,0x00000000d5a350a0,0x00000000d6a00000)
  from space 1024K, 97% used [0x00000000d6c80000,0x00000000d6d78e98,0x00000000d6d80000)
  to   space 1536K, 0% used [0x00000000d6a80000,0x00000000d6a80000,0x00000000d6c00000)
 ParOldGen       total 68608K, used 56662K [0x0000000080000000, 0x0000000084300000, 0x00000000d5580000)
  object space 68608K, 82% used [0x0000000080000000,0x0000000083755b68,0x0000000084300000)
 Metaspace       used 58428K, committed 59776K, reserved 1114112K
  class space    used 6861K, committed 7424K, reserved 1048576K
}
Event: 15.156 GC heap after
{Heap after GC invocations=39 (full 2):
 PSYoungGen      total 22528K, used 288K [0x00000000d5580000, 0x00000000d6d00000, 0x0000000100000000)
  eden space 20992K, 0% used [0x00000000d5580000,0x00000000d5580000,0x00000000d6a00000)
  from space 1536K, 18% used [0x00000000d6a80000,0x00000000d6ac8000,0x00000000d6c00000)
  to   space 1024K, 0% used [0x00000000d6c00000,0x00000000d6c00000,0x00000000d6d00000)
 ParOldGen       total 68608K, used 57365K [0x0000000080000000, 0x0000000084300000, 0x00000000d5580000)
  object space 68608K, 83% used [0x0000000080000000,0x00000000838055a8,0x0000000084300000)
 Metaspace       used 58428K, committed 59776K, reserved 1114112K
  class space    used 6861K, committed 7424K, reserved 1048576K
}
Event: 15.156 GC heap before
{Heap before GC invocations=40 (full 3):
 PSYoungGen      total 22528K, used 288K [0x00000000d5580000, 0x00000000d6d00000, 0x0000000100000000)
  eden space 20992K, 0% used [0x00000000d5580000,0x00000000d5580000,0x00000000d6a00000)
  from space 1536K, 18% used [0x00000000d6a80000,0x00000000d6ac8000,0x00000000d6c00000)
  to   space 1024K, 0% used [0x00000000d6c00000,0x00000000d6c00000,0x00000000d6d00000)
 ParOldGen       total 68608K, used 57365K [0x0000000080000000, 0x0000000084300000, 0x00000000d5580000)
  object space 68608K, 83% used [0x0000000080000000,0x00000000838055a8,0x0000000084300000)
 Metaspace       used 58428K, committed 59776K, reserved 1114112K
  class space    used 6861K, committed 7424K, reserved 1048576K
}
Event: 15.254 GC heap after
{Heap after GC invocations=40 (full 3):
 PSYoungGen      total 22528K, used 0K [0x00000000d5580000, 0x00000000d6d00000, 0x0000000100000000)
  eden space 20992K, 0% used [0x00000000d5580000,0x00000000d5580000,0x00000000d6a00000)
  from space 1536K, 0% used [0x00000000d6a80000,0x00000000d6a80000,0x00000000d6c00000)
  to   space 1024K, 0% used [0x00000000d6c00000,0x00000000d6c00000,0x00000000d6d00000)
 ParOldGen       total 68608K, used 53523K [0x0000000080000000, 0x0000000084300000, 0x00000000d5580000)
  object space 68608K, 78% used [0x0000000080000000,0x0000000083444e80,0x0000000084300000)
 Metaspace       used 58416K, committed 59776K, reserved 1114112K
  class space    used 6858K, committed 7424K, reserved 1048576K
}
Event: 16.860 GC heap before
{Heap before GC invocations=41 (full 3):
 PSYoungGen      total 22528K, used 20992K [0x00000000d5580000, 0x00000000d6d00000, 0x0000000100000000)
  eden space 20992K, 100% used [0x00000000d5580000,0x00000000d6a00000,0x00000000d6a00000)
  from space 1536K, 0% used [0x00000000d6a80000,0x00000000d6a80000,0x00000000d6c00000)
  to   space 1024K, 0% used [0x00000000d6c00000,0x00000000d6c00000,0x00000000d6d00000)
 ParOldGen       total 68608K, used 53523K [0x0000000080000000, 0x0000000084300000, 0x00000000d5580000)
  object space 68608K, 78% used [0x0000000080000000,0x0000000083444e80,0x0000000084300000)
 Metaspace       used 60918K, committed 62464K, reserved 1114112K
  class space    used 7255K, committed 7936K, reserved 1048576K
}
Event: 16.862 GC heap after
{Heap after GC invocations=41 (full 3):
 PSYoungGen      total 22016K, used 992K [0x00000000d5580000, 0x00000000d6d00000, 0x0000000100000000)
  eden space 20992K, 0% used [0x00000000d5580000,0x00000000d5580000,0x00000000d6a00000)
  from space 1024K, 96% used [0x00000000d6c00000,0x00000000d6cf8010,0x00000000d6d00000)
  to   space 1536K, 0% used [0x00000000d6a00000,0x00000000d6a00000,0x00000000d6b80000)
 ParOldGen       total 68608K, used 53571K [0x0000000080000000, 0x0000000084300000, 0x00000000d5580000)
  object space 68608K, 78% used [0x0000000080000000,0x0000000083450e80,0x0000000084300000)
 Metaspace       used 60918K, committed 62464K, reserved 1114112K
  class space    used 7255K, committed 7936K, reserved 1048576K
}
Event: 19.614 GC heap before
{Heap before GC invocations=42 (full 3):
 PSYoungGen      total 22016K, used 21984K [0x00000000d5580000, 0x00000000d6d00000, 0x0000000100000000)
  eden space 20992K, 100% used [0x00000000d5580000,0x00000000d6a00000,0x00000000d6a00000)
  from space 1024K, 96% used [0x00000000d6c00000,0x00000000d6cf8010,0x00000000d6d00000)
  to   space 1536K, 0% used [0x00000000d6a00000,0x00000000d6a00000,0x00000000d6b80000)
 ParOldGen       total 68608K, used 53571K [0x0000000080000000, 0x0000000084300000, 0x00000000d5580000)
  object space 68608K, 78% used [0x0000000080000000,0x0000000083450e80,0x0000000084300000)
 Metaspace       used 61774K, committed 63232K, reserved 1114112K
  class space    used 7343K, committed 8000K, reserved 1048576K
}
Event: 19.616 GC heap after
{Heap after GC invocations=42 (full 3):
 PSYoungGen      total 22528K, used 1280K [0x00000000d5580000, 0x00000000d6d00000, 0x0000000100000000)
  eden space 20992K, 0% used [0x00000000d5580000,0x00000000d5580000,0x00000000d6a00000)
  from space 1536K, 83% used [0x00000000d6a00000,0x00000000d6b40000,0x00000000d6b80000)
  to   space 1536K, 0% used [0x00000000d6b80000,0x00000000d6b80000,0x00000000d6d00000)
 ParOldGen       total 68608K, used 54475K [0x0000000080000000, 0x0000000084300000, 0x00000000d5580000)
  object space 68608K, 79% used [0x0000000080000000,0x0000000083532e90,0x0000000084300000)
 Metaspace       used 61774K, committed 63232K, reserved 1114112K
  class space    used 7343K, committed 8000K, reserved 1048576K
}
Event: 20.127 GC heap before
{Heap before GC invocations=43 (full 3):
 PSYoungGen      total 22528K, used 22269K [0x00000000d5580000, 0x00000000d6d00000, 0x0000000100000000)
  eden space 20992K, 99% used [0x00000000d5580000,0x00000000d69ff5f0,0x00000000d6a00000)
  from space 1536K, 83% used [0x00000000d6a00000,0x00000000d6b40000,0x00000000d6b80000)
  to   space 1536K, 0% used [0x00000000d6b80000,0x00000000d6b80000,0x00000000d6d00000)
 ParOldGen       total 68608K, used 54475K [0x0000000080000000, 0x0000000084300000, 0x00000000d5580000)
  object space 68608K, 79% used [0x0000000080000000,0x0000000083532e90,0x0000000084300000)
 Metaspace       used 63322K, committed 64896K, reserved 1114112K
  class space    used 7482K, committed 8192K, reserved 1048576K
}
Event: 20.129 GC heap after
{Heap after GC invocations=43 (full 3):
 PSYoungGen      total 22016K, used 825K [0x00000000d5580000, 0x00000000d6c80000, 0x0000000100000000)
  eden space 20992K, 0% used [0x00000000d5580000,0x00000000d5580000,0x00000000d6a00000)
  from space 1024K, 80% used [0x00000000d6b80000,0x00000000d6c4e490,0x00000000d6c80000)
  to   space 1024K, 0% used [0x00000000d6a80000,0x00000000d6a80000,0x00000000d6b80000)
 ParOldGen       total 68608K, used 55251K [0x0000000080000000, 0x0000000084300000, 0x00000000d5580000)
  object space 68608K, 80% used [0x0000000080000000,0x00000000835f4e90,0x0000000084300000)
 Metaspace       used 63322K, committed 64896K, reserved 1114112K
  class space    used 7482K, committed 8192K, reserved 1048576K
}

