# JRE version: OpenJDK Runtime Environment Temurin-21.0.10+7 (21.0.10+7) (build 21.0.10+7-LTS)
# Java VM: OpenJDK 64-Bit Server VM Temurin-21.0.10+7 (21.0.10+7-LTS, mixed mode, sharing, tiered, compressed oops, compressed class ptrs, parallel gc, windows-amd64)
GC Precious Log:
 CardTable entry size: 512
 CPUs: 8 total, 8 available
 Memory: 16103M
 Large Page Support: Disabled
 NUMA Support: Disabled
 Compressed Oops: Enabled (32-bit)
 Alignments: Space 512K, Generation 512K, Heap 2M
 Heap Min Capacity: 100M
 Heap Initial Capacity: 100M
 Heap Max Capacity: 2G
 Pre-touch: Disabled
 Parallel Workers: 8
Heap:
 PSYoungGen      total 19968K, used 11831K [0x00000000d5580000, 0x00000000d6c00000, 0x0000000100000000)
  eden space 18944K, 57% used [0x00000000d5580000,0x00000000d600fa88,0x00000000d6800000)
  from space 1024K, 99% used [0x00000000d6880000,0x00000000d697e490,0x00000000d6980000)
  to   space 2048K, 0% used [0x00000000d6a00000,0x00000000d6a00000,0x00000000d6c00000)
 ParOldGen       total 68608K, used 58206K [0x0000000080000000, 0x0000000084300000, 0x00000000d5580000)
  object space 68608K, 84% used [0x0000000080000000,0x00000000838d7958,0x0000000084300000)
 Metaspace       used 65060K, committed 66624K, reserved 1114112K
  class space    used 7665K, committed 8320K, reserved 1048576K
GC Heap History (20 events):
Event: 19.947 GC heap before
{Heap before GC invocations=37 (full 2):
 PSYoungGen      total 20992K, used 20960K [0x00000000d5580000, 0x00000000d7380000, 0x0000000100000000)
  eden space 18944K, 100% used [0x00000000d5580000,0x00000000d6800000,0x00000000d6800000)
  from space 2048K, 98% used [0x00000000d6c80000,0x00000000d6e78010,0x00000000d6e80000)
  to   space 4608K, 0% used [0x00000000d6800000,0x00000000d6800000,0x00000000d6c80000)
 ParOldGen       total 68608K, used 53889K [0x0000000080000000, 0x0000000084300000, 0x00000000d5580000)
  object space 68608K, 78% used [0x0000000080000000,0x00000000834a05c0,0x0000000084300000)
 Metaspace       used 57593K, committed 59008K, reserved 1114112K
  class space    used 6774K, committed 7360K, reserved 1048576K
}
Event: 19.950 GC heap after
{Heap after GC invocations=37 (full 2):
 PSYoungGen      total 20992K, used 1632K [0x00000000d5580000, 0x00000000d6d00000, 0x0000000100000000)
  eden space 18944K, 0% used [0x00000000d5580000,0x00000000d5580000,0x00000000d6800000)
  from space 2048K, 79% used [0x00000000d6800000,0x00000000d6998000,0x00000000d6a00000)
  to   space 2560K, 0% used [0x00000000d6a80000,0x00000000d6a80000,0x00000000d6d00000)
 ParOldGen       total 68608K, used 55889K [0x0000000080000000, 0x0000000084300000, 0x00000000d5580000)
  object space 68608K, 81% used [0x0000000080000000,0x00000000836945d0,0x0000000084300000)
 Metaspace       used 57593K, committed 59008K, reserved 1114112K
  class space    used 6774K, committed 7360K, reserved 1048576K
}
Event: 20.091 GC heap before
{Heap before GC invocations=38 (full 2):
 PSYoungGen      total 20992K, used 20306K [0x00000000d5580000, 0x00000000d6d00000, 0x0000000100000000)
  eden space 18944K, 98% used [0x00000000d5580000,0x00000000d67bc838,0x00000000d6800000)
  from space 2048K, 79% used [0x00000000d6800000,0x00000000d6998000,0x00000000d6a00000)
  to   space 2560K, 0% used [0x00000000d6a80000,0x00000000d6a80000,0x00000000d6d00000)
 ParOldGen       total 68608K, used 55889K [0x0000000080000000, 0x0000000084300000, 0x00000000d5580000)
  object space 68608K, 81% used [0x0000000080000000,0x00000000836945d0,0x0000000084300000)
 Metaspace       used 58024K, committed 59392K, reserved 1114112K
  class space    used 6823K, committed 7424K, reserved 1048576K
}
Event: 20.092 GC heap after
{Heap after GC invocations=38 (full 2):
 PSYoungGen      total 19456K, used 480K [0x00000000d5580000, 0x00000000d6b00000, 0x0000000100000000)
  eden space 18944K, 0% used [0x00000000d5580000,0x00000000d5580000,0x00000000d6800000)
  from space 512K, 93% used [0x00000000d6a80000,0x00000000d6af8020,0x00000000d6b00000)
  to   space 1536K, 0% used [0x00000000d6800000,0x00000000d6800000,0x00000000d6980000)
 ParOldGen       total 68608K, used 57390K [0x0000000080000000, 0x0000000084300000, 0x00000000d5580000)
  object space 68608K, 83% used [0x0000000080000000,0x000000008380bb48,0x0000000084300000)
 Metaspace       used 58024K, committed 59392K, reserved 1114112K
  class space    used 6823K, committed 7424K, reserved 1048576K
}
Event: 20.369 GC heap before
{Heap before GC invocations=39 (full 2):
 PSYoungGen      total 19456K, used 18381K [0x00000000d5580000, 0x00000000d6b00000, 0x0000000100000000)
  eden space 18944K, 94% used [0x00000000d5580000,0x00000000d66fb730,0x00000000d6800000)
  from space 512K, 93% used [0x00000000d6a80000,0x00000000d6af8020,0x00000000d6b00000)
  to   space 1536K, 0% used [0x00000000d6800000,0x00000000d6800000,0x00000000d6980000)
 ParOldGen       total 68608K, used 57390K [0x0000000080000000, 0x0000000084300000, 0x00000000d5580000)
  object space 68608K, 83% used [0x0000000080000000,0x000000008380bb48,0x0000000084300000)
 Metaspace       used 58398K, committed 59776K, reserved 1114112K
  class space    used 6870K, committed 7488K, reserved 1048576K
}
Event: 20.370 GC heap after
{Heap after GC invocations=39 (full 2):
 PSYoungGen      total 20480K, used 920K [0x00000000d5580000, 0x00000000d6b00000, 0x0000000100000000)
  eden space 18944K, 0% used [0x00000000d5580000,0x00000000d5580000,0x00000000d6800000)
  from space 1536K, 59% used [0x00000000d6800000,0x00000000d68e63b8,0x00000000d6980000)
  to   space 1024K, 0% used [0x00000000d6a00000,0x00000000d6a00000,0x00000000d6b00000)
 ParOldGen       total 68608K, used 57734K [0x0000000080000000, 0x0000000084300000, 0x00000000d5580000)
  object space 68608K, 84% used [0x0000000080000000,0x0000000083861b68,0x0000000084300000)
 Metaspace       used 58398K, committed 59776K, reserved 1114112K
  class space    used 6870K, committed 7488K, reserved 1048576K
}
Event: 20.370 GC heap before
{Heap before GC invocations=40 (full 3):
 PSYoungGen      total 20480K, used 920K [0x00000000d5580000, 0x00000000d6b00000, 0x0000000100000000)
  eden space 18944K, 0% used [0x00000000d5580000,0x00000000d5580000,0x00000000d6800000)
  from space 1536K, 59% used [0x00000000d6800000,0x00000000d68e63b8,0x00000000d6980000)
  to   space 1024K, 0% used [0x00000000d6a00000,0x00000000d6a00000,0x00000000d6b00000)
 ParOldGen       total 68608K, used 57734K [0x0000000080000000, 0x0000000084300000, 0x00000000d5580000)
  object space 68608K, 84% used [0x0000000080000000,0x0000000083861b68,0x0000000084300000)
 Metaspace       used 58398K, committed 59776K, reserved 1114112K
  class space    used 6870K, committed 7488K, reserved 1048576K
}
Event: 20.429 GC heap after
{Heap after GC invocations=40 (full 3):
 PSYoungGen      total 20480K, used 0K [0x00000000d5580000, 0x00000000d6b00000, 0x0000000100000000)
  eden space 18944K, 0% used [0x00000000d5580000,0x00000000d5580000,0x00000000d6800000)
  from space 1536K, 0% used [0x00000000d6800000,0x00000000d6800000,0x00000000d6980000)
  to   space 1024K, 0% used [0x00000000d6a00000,0x00000000d6a00000,0x00000000d6b00000)
 ParOldGen       total 68608K, used 54368K [0x0000000080000000, 0x0000000084300000, 0x00000000d5580000)
  object space 68608K, 79% used [0x0000000080000000,0x00000000835180d8,0x0000000084300000)
 Metaspace       used 58392K, committed 59776K, reserved 1114112K
  class space    used 6869K, committed 7488K, reserved 1048576K
}
Event: 20.574 GC heap before
{Heap before GC invocations=41 (full 3):
 PSYoungGen      total 20480K, used 18944K [0x00000000d5580000, 0x00000000d6b00000, 0x0000000100000000)
  eden space 18944K, 100% used [0x00000000d5580000,0x00000000d6800000,0x00000000d6800000)
  from space 1536K, 0% used [0x00000000d6800000,0x00000000d6800000,0x00000000d6980000)
  to   space 1024K, 0% used [0x00000000d6a00000,0x00000000d6a00000,0x00000000d6b00000)
 ParOldGen       total 68608K, used 54368K [0x0000000080000000, 0x0000000084300000, 0x00000000d5580000)
  object space 68608K, 79% used [0x0000000080000000,0x00000000835180d8,0x0000000084300000)
 Metaspace       used 60151K, committed 61632K, reserved 1114112K
  class space    used 7163K, committed 7808K, reserved 1048576K
}
Event: 20.575 GC heap after
{Heap after GC invocations=41 (full 3):
 PSYoungGen      total 19968K, used 672K [0x00000000d5580000, 0x00000000d6b00000, 0x0000000100000000)
  eden space 18944K, 0% used [0x00000000d5580000,0x00000000d5580000,0x00000000d6800000)
  from space 1024K, 65% used [0x00000000d6a00000,0x00000000d6aa8000,0x00000000d6b00000)
  to   space 1024K, 0% used [0x00000000d6900000,0x00000000d6900000,0x00000000d6a00000)
 ParOldGen       total 68608K, used 54376K [0x0000000080000000, 0x0000000084300000, 0x00000000d5580000)
  object space 68608K, 79% used [0x0000000080000000,0x000000008351a0d8,0x0000000084300000)
 Metaspace       used 60151K, committed 61632K, reserved 1114112K
  class space    used 7163K, committed 7808K, reserved 1048576K
}
Event: 32.851 GC heap before
{Heap before GC invocations=42 (full 3):
 PSYoungGen      total 19968K, used 19609K [0x00000000d5580000, 0x00000000d6b00000, 0x0000000100000000)
  eden space 18944K, 99% used [0x00000000d5580000,0x00000000d67fe590,0x00000000d6800000)
  from space 1024K, 65% used [0x00000000d6a00000,0x00000000d6aa8000,0x00000000d6b00000)
  to   space 1024K, 0% used [0x00000000d6900000,0x00000000d6900000,0x00000000d6a00000)
 ParOldGen       total 68608K, used 54376K [0x0000000080000000, 0x0000000084300000, 0x00000000d5580000)
  object space 68608K, 79% used [0x0000000080000000,0x000000008351a0d8,0x0000000084300000)
 Metaspace       used 61761K, committed 63232K, reserved 1114112K
  class space    used 7350K, committed 8000K, reserved 1048576K
}
Event: 32.853 GC heap after
{Heap after GC invocations=42 (full 3):
 PSYoungGen      total 19968K, used 1008K [0x00000000d5580000, 0x00000000d6e00000, 0x0000000100000000)
  eden space 18944K, 0% used [0x00000000d5580000,0x00000000d5580000,0x00000000d6800000)
  from space 1024K, 98% used [0x00000000d6900000,0x00000000d69fc020,0x00000000d6a00000)
  to   space 3072K, 0% used [0x00000000d6b00000,0x00000000d6b00000,0x00000000d6e00000)
 ParOldGen       total 68608K, used 55794K [0x0000000080000000, 0x0000000084300000, 0x00000000d5580000)
  object space 68608K, 81% used [0x0000000080000000,0x000000008367c998,0x0000000084300000)
 Metaspace       used 61761K, committed 63232K, reserved 1114112K
  class space    used 7350K, committed 8000K, reserved 1048576K
}
Event: 34.094 GC heap before
{Heap before GC invocations=43 (full 3):
 PSYoungGen      total 19968K, used 19952K [0x00000000d5580000, 0x00000000d6e00000, 0x0000000100000000)
  eden space 18944K, 100% used [0x00000000d5580000,0x00000000d6800000,0x00000000d6800000)
  from space 1024K, 98% used [0x00000000d6900000,0x00000000d69fc020,0x00000000d6a00000)
  to   space 3072K, 0% used [0x00000000d6b00000,0x00000000d6b00000,0x00000000d6e00000)
 ParOldGen       total 68608K, used 55794K [0x0000000080000000, 0x0000000084300000, 0x00000000d5580000)
  object space 68608K, 81% used [0x0000000080000000,0x000000008367c998,0x0000000084300000)
 Metaspace       used 62356K, committed 63872K, reserved 1114112K
  class space    used 7406K, committed 8064K, reserved 1048576K
}
Event: 34.096 GC heap after
{Heap after GC invocations=43 (full 3):
 PSYoungGen      total 20480K, used 1202K [0x00000000d5580000, 0x00000000d6c80000, 0x0000000100000000)
  eden space 18944K, 0% used [0x00000000d5580000,0x00000000d5580000,0x00000000d6800000)
  from space 1536K, 78% used [0x00000000d6b00000,0x00000000d6c2cb28,0x00000000d6c80000)
  to   space 2048K, 0% used [0x00000000d6880000,0x00000000d6880000,0x00000000d6a80000)
 ParOldGen       total 68608K, used 56822K [0x0000000080000000, 0x0000000084300000, 0x00000000d5580000)
  object space 68608K, 82% used [0x0000000080000000,0x000000008377db10,0x0000000084300000)
 Metaspace       used 62356K, committed 63872K, reserved 1114112K
  class space    used 7406K, committed 8064K, reserved 1048576K
}
Event: 34.201 GC heap before
{Heap before GC invocations=44 (full 3):
 PSYoungGen      total 20480K, used 20146K [0x00000000d5580000, 0x00000000d6c80000, 0x0000000100000000)
  eden space 18944K, 100% used [0x00000000d5580000,0x00000000d6800000,0x00000000d6800000)
  from space 1536K, 78% used [0x00000000d6b00000,0x00000000d6c2cb28,0x00000000d6c80000)
  to   space 2048K, 0% used [0x00000000d6880000,0x00000000d6880000,0x00000000d6a80000)
 ParOldGen       total 68608K, used 56822K [0x0000000080000000, 0x0000000084300000, 0x00000000d5580000)
  object space 68608K, 82% used [0x0000000080000000,0x000000008377db10,0x0000000084300000)
 Metaspace       used 62404K, committed 63936K, reserved 1114112K
  class space    used 7407K, committed 8064K, reserved 1048576K
}
Event: 34.203 GC heap after
{Heap after GC invocations=44 (full 3):
 PSYoungGen      total 19968K, used 896K [0x00000000d5580000, 0x00000000d6b80000, 0x0000000100000000)
  eden space 18944K, 0% used [0x00000000d5580000,0x00000000d5580000,0x00000000d6800000)
  from space 1024K, 87% used [0x00000000d6880000,0x00000000d6960000,0x00000000d6980000)
  to   space 1536K, 0% used [0x00000000d6a00000,0x00000000d6a00000,0x00000000d6b80000)
 ParOldGen       total 68608K, used 57430K [0x0000000080000000, 0x0000000084300000, 0x00000000d5580000)
  object space 68608K, 83% used [0x0000000080000000,0x0000000083815b90,0x0000000084300000)
 Metaspace       used 62404K, committed 63936K, reserved 1114112K
  class space    used 7407K, committed 8064K, reserved 1048576K
}
Event: 34.251 GC heap before
{Heap before GC invocations=45 (full 3):
 PSYoungGen      total 19968K, used 19840K [0x00000000d5580000, 0x00000000d6b80000, 0x0000000100000000)
  eden space 18944K, 100% used [0x00000000d5580000,0x00000000d6800000,0x00000000d6800000)
  from space 1024K, 87% used [0x00000000d6880000,0x00000000d6960000,0x00000000d6980000)
  to   space 1536K, 0% used [0x00000000d6a00000,0x00000000d6a00000,0x00000000d6b80000)
 ParOldGen       total 68608K, used 57430K [0x0000000080000000, 0x0000000084300000, 0x00000000d5580000)
  object space 68608K, 83% used [0x0000000080000000,0x0000000083815b90,0x0000000084300000)
 Metaspace       used 62412K, committed 63936K, reserved 1114112K
  class space    used 7407K, committed 8064K, reserved 1048576K
}
Event: 34.252 GC heap after
{Heap after GC invocations=45 (full 3):
 PSYoungGen      total 19456K, used 288K [0x00000000d5580000, 0x00000000d6a80000, 0x0000000100000000)
  eden space 18944K, 0% used [0x00000000d5580000,0x00000000d5580000,0x00000000d6800000)
  from space 512K, 56% used [0x00000000d6a00000,0x00000000d6a48000,0x00000000d6a80000)
  to   space 1024K, 0% used [0x00000000d6880000,0x00000000d6880000,0x00000000d6980000)
 ParOldGen       total 68608K, used 57750K [0x0000000080000000, 0x0000000084300000, 0x00000000d5580000)
  object space 68608K, 84% used [0x0000000080000000,0x0000000083865b90,0x0000000084300000)
 Metaspace       used 62412K, committed 63936K, reserved 1114112K
  class space    used 7407K, committed 8064K, reserved 1048576K
}
Event: 34.427 GC heap before
{Heap before GC invocations=46 (full 3):
 PSYoungGen      total 19456K, used 19232K [0x00000000d5580000, 0x00000000d6a80000, 0x0000000100000000)
  eden space 18944K, 100% used [0x00000000d5580000,0x00000000d6800000,0x00000000d6800000)
  from space 512K, 56% used [0x00000000d6a00000,0x00000000d6a48000,0x00000000d6a80000)
  to   space 1024K, 0% used [0x00000000d6880000,0x00000000d6880000,0x00000000d6980000)
 ParOldGen       total 68608K, used 57750K [0x0000000080000000, 0x0000000084300000, 0x00000000d5580000)
  object space 68608K, 84% used [0x0000000080000000,0x0000000083865b90,0x0000000084300000)
 Metaspace       used 63940K, committed 65472K, reserved 1114112K
  class space    used 7548K, committed 8192K, reserved 1048576K
}
Event: 34.428 GC heap after
{Heap after GC invocations=46 (full 3):
 PSYoungGen      total 19968K, used 1017K [0x00000000d5580000, 0x00000000d6c00000, 0x0000000100000000)
  eden space 18944K, 0% used [0x00000000d5580000,0x00000000d5580000,0x00000000d6800000)
  from space 1024K, 99% used [0x00000000d6880000,0x00000000d697e490,0x00000000d6980000)
  to   space 2048K, 0% used [0x00000000d6a00000,0x00000000d6a00000,0x00000000d6c00000)
 ParOldGen       total 68608K, used 58206K [0x0000000080000000, 0x0000000084300000, 0x00000000d5580000)
  object space 68608K, 84% used [0x0000000080000000,0x00000000838d7958,0x0000000084300000)
 Metaspace       used 63940K, committed 65472K, reserved 1114112K
  class space    used 7548K, committed 8192K, reserved 1048576K
}

