<?xml version="1.0" encoding="UTF-8"?>
<testsuite name="nova.ir.IrOptimizerTest" tests="42" skipped="0" failures="10" errors="0" timestamp="2026-05-20T06:48:40.483Z" hostname="LAPTOP-MARDE55D" time="0.204">
  <properties/>
  <testcase name="fold_unaryNot()" classname="nova.ir.IrOptimizerTest" time="0.004"/>
  <testcase name="fold_chainedArithmetic()" classname="nova.ir.IrOptimizerTest" time="0.003"/>
  <testcase name="slotCoalesce_resultIsCorrect()" classname="nova.ir.IrOptimizerTest" time="0.005"/>
  <testcase name="instructionCount_reducedAfterOptimization()" classname="nova.ir.IrOptimizerTest" time="0.008"/>
  <testcase name="printer_optimizedModuleIsSmaller()" classname="nova.ir.IrOptimizerTest" time="0.011"/>
  <testcase name="dce_whileLoopBlocksSurvive()" classname="nova.ir.IrOptimizerTest" time="0.003"/>
  <testcase name="fold_boolAnd_trueResult()" classname="nova.ir.IrOptimizerTest" time="0.002"/>
  <testcase name="fold_floatAddition()" classname="nova.ir.IrOptimizerTest" time="0.002"/>
  <testcase name="fold_intComparisonEq()" classname="nova.ir.IrOptimizerTest" time="0.002"/>
  <testcase name="fold_intComparisonGt()" classname="nova.ir.IrOptimizerTest" time="0.002"/>
  <testcase name="fold_intComparisonLt()" classname="nova.ir.IrOptimizerTest" time="0.001"/>
  <testcase name="fold_intComparisonNe()" classname="nova.ir.IrOptimizerTest" time="0.002"/>
  <testcase name="fold_intMultiplication()" classname="nova.ir.IrOptimizerTest" time="0.003"/>
  <testcase name="semantics_branchTerminatorsPreserved()" classname="nova.ir.IrOptimizerTest" time="0.007">
    <failure message="java.lang.IllegalStateException: No function 'clamp' in []" type="java.lang.IllegalStateException">java.lang.IllegalStateException: No function 'clamp' in []
	at nova.ir.IrOptimizerTest.fn(IrOptimizerTest.kt:29)
	at nova.ir.IrOptimizerTest.semantics_branchTerminatorsPreserved(IrOptimizerTest.kt:353)
	at java.base/java.lang.reflect.Method.invoke(Method.java:580)
	at java.base/java.util.ArrayList.forEach(ArrayList.java:1596)
	at java.base/java.util.ArrayList.forEach(ArrayList.java:1596)
</failure>
  </testcase>
  <testcase name="fold_boolChained()" classname="nova.ir.IrOptimizerTest" time="0.004"/>
  <testcase name="fold_boolAnd_falseResult()" classname="nova.ir.IrOptimizerTest" time="0.002"/>
  <testcase name="instructionCount_fnWithConstBody()" classname="nova.ir.IrOptimizerTest" time="0.003">
    <failure message="java.lang.IllegalStateException: No function 'compute' in []" type="java.lang.IllegalStateException">java.lang.IllegalStateException: No function 'compute' in []
	at nova.ir.IrOptimizerTest.fn(IrOptimizerTest.kt:29)
	at nova.ir.IrOptimizerTest.instructionCount_fnWithConstBody(IrOptimizerTest.kt:283)
	at java.base/java.lang.reflect.Method.invoke(Method.java:580)
	at java.base/java.util.ArrayList.forEach(ArrayList.java:1596)
	at java.base/java.util.ArrayList.forEach(ArrayList.java:1596)
</failure>
  </testcase>
  <testcase name="dce_noUnreachableBlocksRemain()" classname="nova.ir.IrOptimizerTest" time="0.003">
    <failure message="java.lang.IllegalStateException: No function 'multi' in []" type="java.lang.IllegalStateException">java.lang.IllegalStateException: No function 'multi' in []
	at nova.ir.IrOptimizerTest.fn(IrOptimizerTest.kt:29)
	at nova.ir.IrOptimizerTest.dce_noUnreachableBlocksRemain(IrOptimizerTest.kt:92)
	at java.base/java.lang.reflect.Method.invoke(Method.java:580)
	at java.base/java.util.ArrayList.forEach(ArrayList.java:1596)
	at java.base/java.util.ArrayList.forEach(ArrayList.java:1596)
</failure>
  </testcase>
  <testcase name="dce_entryBlockAlwaysReachable()" classname="nova.ir.IrOptimizerTest" time="0.003"/>
  <testcase name="semantics_spawnPreserved()" classname="nova.ir.IrOptimizerTest" time="0.004"/>
  <testcase name="fold_boolOr_trueResult()" classname="nova.ir.IrOptimizerTest" time="0.002"/>
  <testcase name="slotCoalesce_paramLoadEliminated()" classname="nova.ir.IrOptimizerTest" time="0.002">
    <failure message="java.lang.IllegalStateException: No function 'double' in []" type="java.lang.IllegalStateException">java.lang.IllegalStateException: No function 'double' in []
	at nova.ir.IrOptimizerTest.fn(IrOptimizerTest.kt:29)
	at nova.ir.IrOptimizerTest.slotCoalesce_paramLoadEliminated(IrOptimizerTest.kt:246)
	at java.base/java.lang.reflect.Method.invoke(Method.java:580)
	at java.base/java.util.ArrayList.forEach(ArrayList.java:1596)
	at java.base/java.util.ArrayList.forEach(ArrayList.java:1596)
</failure>
  </testcase>
  <testcase name="originalModule_notMutated()" classname="nova.ir.IrOptimizerTest" time="0.002"/>
  <testcase name="semantics_returnTerminatorsPreserved()" classname="nova.ir.IrOptimizerTest" time="0.003">
    <failure message="java.lang.IllegalStateException: No function 'add' in []" type="java.lang.IllegalStateException">java.lang.IllegalStateException: No function 'add' in []
	at nova.ir.IrOptimizerTest.fn(IrOptimizerTest.kt:29)
	at nova.ir.IrOptimizerTest.semantics_returnTerminatorsPreserved(IrOptimizerTest.kt:340)
	at java.base/java.lang.reflect.Method.invoke(Method.java:580)
	at java.base/java.util.ArrayList.forEach(ArrayList.java:1596)
	at java.base/java.util.ArrayList.forEach(ArrayList.java:1596)
</failure>
  </testcase>
  <testcase name="dce_deadBlockAfterReturn_isRemoved()" classname="nova.ir.IrOptimizerTest" time="0.003">
    <failure message="java.lang.IllegalStateException: No function 'early' in []" type="java.lang.IllegalStateException">java.lang.IllegalStateException: No function 'early' in []
	at nova.ir.IrOptimizerTest.fn(IrOptimizerTest.kt:29)
	at nova.ir.IrOptimizerTest.dce_deadBlockAfterReturn_isRemoved(IrOptimizerTest.kt:51)
	at java.base/java.lang.reflect.Method.invoke(Method.java:580)
	at java.base/java.util.ArrayList.forEach(ArrayList.java:1596)
	at java.base/java.util.ArrayList.forEach(ArrayList.java:1596)
</failure>
  </testcase>
  <testcase name="dce_ifBlocksSurvive()" classname="nova.ir.IrOptimizerTest" time="0.002"/>
  <testcase name="fold_intAddition()" classname="nova.ir.IrOptimizerTest" time="0.001"/>
  <testcase name="slotCoalesce_elimsLoadWhenStoreKnown()" classname="nova.ir.IrOptimizerTest" time="0.003"/>
  <testcase name="fold_unaryNegInt()" classname="nova.ir.IrOptimizerTest" time="0.003"/>
  <testcase name="fold_floatMultiplication()" classname="nova.ir.IrOptimizerTest" time="0.002"/>
  <testcase name="fold_insideFunction_constParams_notFolded()" classname="nova.ir.IrOptimizerTest" time="0.002">
    <failure message="java.lang.IllegalStateException: No function 'add' in []" type="java.lang.IllegalStateException">java.lang.IllegalStateException: No function 'add' in []
	at nova.ir.IrOptimizerTest.fn(IrOptimizerTest.kt:29)
	at nova.ir.IrOptimizerTest.fold_insideFunction_constParams_notFolded(IrOptimizerTest.kt:447)
	at java.base/java.lang.reflect.Method.invoke(Method.java:580)
	at java.base/java.util.ArrayList.forEach(ArrayList.java:1596)
	at java.base/java.util.ArrayList.forEach(ArrayList.java:1596)
</failure>
  </testcase>
  <testcase name="semantics_allPrograms_optimizeWithoutErrors()" classname="nova.ir.IrOptimizerTest" time="0.014"/>
  <testcase name="fold_intSubtraction()" classname="nova.ir.IrOptimizerTest" time="0.002"/>
  <testcase name="semantics_moduleStructsPreserved()" classname="nova.ir.IrOptimizerTest" time="0.001"/>
  <testcase name="printer_worksOnOptimizedModule()" classname="nova.ir.IrOptimizerTest" time="0.002"/>
  <testcase name="semantics_slotAllocPreserved()" classname="nova.ir.IrOptimizerTest" time="0.003">
    <failure message="org.opentest4j.AssertionFailedError: Expected value to be true." type="org.opentest4j.AssertionFailedError">org.opentest4j.AssertionFailedError: Expected value to be true.
	at app//org.junit.jupiter.api.AssertionUtils.fail(AssertionUtils.java:38)
	at app//org.junit.jupiter.api.Assertions.fail(Assertions.java:138)
	at app//kotlin.test.junit5.JUnit5Asserter.fail(JUnitSupport.kt:56)
	at app//kotlin.test.Asserter$DefaultImpls.assertTrue(Assertions.kt:694)
	at app//kotlin.test.junit5.JUnit5Asserter.assertTrue(JUnitSupport.kt:30)
	at app//kotlin.test.Asserter$DefaultImpls.assertTrue(Assertions.kt:704)
	at app//kotlin.test.junit5.JUnit5Asserter.assertTrue(JUnitSupport.kt:30)
	at app//kotlin.test.AssertionsKt__AssertionsKt.assertTrue(Assertions.kt:44)
	at app//kotlin.test.AssertionsKt.assertTrue(Unknown Source)
	at app//kotlin.test.AssertionsKt__AssertionsKt.assertTrue$default(Assertions.kt:42)
	at app//kotlin.test.AssertionsKt.assertTrue$default(Unknown Source)
	at app//nova.ir.IrOptimizerTest.semantics_slotAllocPreserved(IrOptimizerTest.kt:380)
	at java.base@21.0.9/java.lang.reflect.Method.invoke(Method.java:580)
	at java.base@21.0.9/java.util.ArrayList.forEach(ArrayList.java:1596)
	at java.base@21.0.9/java.util.ArrayList.forEach(ArrayList.java:1596)
</failure>
  </testcase>
  <testcase name="semantics_functionCountPreserved()" classname="nova.ir.IrOptimizerTest" time="0.003"/>
  <testcase name="semantics_slotStorePreserved()" classname="nova.ir.IrOptimizerTest" time="0.004">
    <failure message="org.opentest4j.AssertionFailedError: Expected value to be true." type="org.opentest4j.AssertionFailedError">org.opentest4j.AssertionFailedError: Expected value to be true.
	at app//org.junit.jupiter.api.AssertionUtils.fail(AssertionUtils.java:38)
	at app//org.junit.jupiter.api.Assertions.fail(Assertions.java:138)
	at app//kotlin.test.junit5.JUnit5Asserter.fail(JUnitSupport.kt:56)
	at app//kotlin.test.Asserter$DefaultImpls.assertTrue(Assertions.kt:694)
	at app//kotlin.test.junit5.JUnit5Asserter.assertTrue(JUnitSupport.kt:30)
	at app//kotlin.test.Asserter$DefaultImpls.assertTrue(Assertions.kt:704)
	at app//kotlin.test.junit5.JUnit5Asserter.assertTrue(JUnitSupport.kt:30)
	at app//kotlin.test.AssertionsKt__AssertionsKt.assertTrue(Assertions.kt:44)
	at app//kotlin.test.AssertionsKt.assertTrue(Unknown Source)
	at app//kotlin.test.AssertionsKt__AssertionsKt.assertTrue$default(Assertions.kt:42)
	at app//kotlin.test.AssertionsKt.assertTrue$default(Unknown Source)
	at app//nova.ir.IrOptimizerTest.semantics_slotStorePreserved(IrOptimizerTest.kt:385)
	at java.base@21.0.9/java.lang.reflect.Method.invoke(Method.java:580)
	at java.base@21.0.9/java.util.ArrayList.forEach(ArrayList.java:1596)
	at java.base@21.0.9/java.util.ArrayList.forEach(ArrayList.java:1596)
</failure>
  </testcase>
  <testcase name="fold_intModulo()" classname="nova.ir.IrOptimizerTest" time="0.002"/>
  <testcase name="fold_mixedConstAndRuntime_notFolded()" classname="nova.ir.IrOptimizerTest" time="0.003">
    <failure message="java.lang.IllegalStateException: No function 'add_one' in []" type="java.lang.IllegalStateException">java.lang.IllegalStateException: No function 'add_one' in []
	at nova.ir.IrOptimizerTest.fn(IrOptimizerTest.kt:29)
	at nova.ir.IrOptimizerTest.fold_mixedConstAndRuntime_notFolded(IrOptimizerTest.kt:458)
	at java.base/java.lang.reflect.Method.invoke(Method.java:580)
	at java.base/java.util.ArrayList.forEach(ArrayList.java:1596)
	at java.base/java.util.ArrayList.forEach(ArrayList.java:1596)
</failure>
  </testcase>
  <testcase name="semantics_channelOpsPreserved()" classname="nova.ir.IrOptimizerTest" time="0.003"/>
  <testcase name="fold_intDivision()" classname="nova.ir.IrOptimizerTest" time="0.003"/>
  <system-out><![CDATA[]]></system-out>
  <system-err><![CDATA[]]></system-err>
</testsuite>
