<?xml version="1.0" encoding="UTF-8"?>
<testsuite name="nova.interpreter.InterpreterTest" tests="30" skipped="0" failures="0" errors="0" timestamp="2026-05-20T06:48:38.837Z" hostname="LAPTOP-MARDE55D" time="1.232">
  <properties/>
  <testcase name="program2Arithmetic()" classname="nova.interpreter.InterpreterTest" time="0.279"/>
  <testcase name="rangeIteration()" classname="nova.interpreter.InterpreterTest" time="0.02"/>
  <testcase name="forExprCollectsResults()" classname="nova.interpreter.InterpreterTest" time="0.019"/>
  <testcase name="whileLoop()" classname="nova.interpreter.InterpreterTest" time="0.017"/>
  <testcase name="continueInForLoop()" classname="nova.interpreter.InterpreterTest" time="0.005"/>
  <testcase name="program2ListMapSum()" classname="nova.interpreter.InterpreterTest" time="0.015"/>
  <testcase name="stringInterpolation()" classname="nova.interpreter.InterpreterTest" time="0.003"/>
  <testcase name="program9RingBuffer()" classname="nova.interpreter.InterpreterTest" time="0.008"/>
  <testcase name="program1HelloWorld()" classname="nova.interpreter.InterpreterTest" time="0.002"/>
  <testcase name="program6ChannelSendReceive()" classname="nova.interpreter.InterpreterTest" time="0.016"/>
  <testcase name="program6SpawnAndChannel()" classname="nova.interpreter.InterpreterTest" time="0.22"/>
  <testcase name="program3Greet()" classname="nova.interpreter.InterpreterTest" time="0.002"/>
  <testcase name="program3Factorial()" classname="nova.interpreter.InterpreterTest" time="0.005"/>
  <testcase name="program3FizzBuzz()" classname="nova.interpreter.InterpreterTest" time="0.013"/>
  <testcase name="listMapFilter()" classname="nova.interpreter.InterpreterTest" time="0.004"/>
  <testcase name="nestedFunctions()" classname="nova.interpreter.InterpreterTest" time="0.004"/>
  <testcase name="matchOnTuple()" classname="nova.interpreter.InterpreterTest" time="0.002"/>
  <testcase name="program4ElseDefaultString()" classname="nova.interpreter.InterpreterTest" time="0.011"/>
  <testcase name="program4ElseDefaultFallback()" classname="nova.interpreter.InterpreterTest" time="0.005"/>
  <testcase name="booleanOperators()" classname="nova.interpreter.InterpreterTest" time="0.003"/>
  <testcase name="program7ListTop()" classname="nova.interpreter.InterpreterTest" time="0.004"/>
  <testcase name="program3Max()" classname="nova.interpreter.InterpreterTest" time="0.003"/>
  <testcase name="program2Variables()" classname="nova.interpreter.InterpreterTest" time="0.002"/>
  <testcase name="program6WordCount()" classname="nova.interpreter.InterpreterTest" time="0.512"/>
  <testcase name="closureCapture()" classname="nova.interpreter.InterpreterTest" time="0.002"/>
  <testcase name="tupleDestructuring()" classname="nova.interpreter.InterpreterTest" time="0.002"/>
  <testcase name="breakInForLoop()" classname="nova.interpreter.InterpreterTest" time="0.003"/>
  <testcase name="matchOnInt()" classname="nova.interpreter.InterpreterTest" time="0.003"/>
  <testcase name="elseChaining()" classname="nova.interpreter.InterpreterTest" time="0.002"/>
  <testcase name="program4ElseDefault()" classname="nova.interpreter.InterpreterTest" time="0.001"/>
  <system-out><![CDATA[78.53975
15
[1, 4, 9, 16, 25]
0
1
2
3
4
1
3
Sum: 15, Doubled: [2, 4, 6, 8, 10]
Sum of 3 and 4 is 7
freed
Got: 0
Hello, World!
42
hello from spawn
Hello, World!
3628800
1
2
Fizz
4
Buzz
Fizz
7
8
Fizz
Buzz
11
Fizz
13
14
FizzBuzz
[4, 8, 12]
15
neither
{}
9090
false
true
false
2
20
30
Hello, Alice! You are 30 years old.
14
15
10 hello
0
1
2
3
4
two
42
8080
]]></system-out>
  <system-err><![CDATA[]]></system-err>
</testsuite>
