<?xml version="1.0" encoding="UTF-8"?>
<testsuite name="nova.lexer.LexerTest" tests="66" skipped="0" failures="0" errors="0" timestamp="2026-05-20T06:48:41.100Z" hostname="LAPTOP-MARDE55D" time="0.357">
  <properties/>
  <testcase name="program 9 - colon in named argument()" classname="nova.lexer.LexerTest" time="0.001"/>
  <testcase name="program 2 - boolean literal false()" classname="nova.lexer.LexerTest" time="0.001"/>
  <testcase name="program 2 - string interpolation values()" classname="nova.lexer.LexerTest" time="0.001"/>
  <testcase name="program 2 - lambda with fat arrow()" classname="nova.lexer.LexerTest" time="0.0"/>
  <testcase name="program 3 - fn keyword()" classname="nova.lexer.LexerTest" time="0.001"/>
  <testcase name="unterminated block comment produces error()" classname="nova.lexer.LexerTest" time="0.001"/>
  <testcase name="program 5 - nested lambdas with fat arrow()" classname="nova.lexer.LexerTest" time="0.001"/>
  <testcase name="line comments are skipped()" classname="nova.lexer.LexerTest" time="0.0"/>
  <testcase name="string interpolation - empty braces are treated as empty interpolation()" classname="nova.lexer.LexerTest" time="0.001"/>
  <testcase name="extra keywords - in, select, supervise()" classname="nova.lexer.LexerTest" time="0.001"/>
  <testcase name="indentation - blank lines are ignored()" classname="nova.lexer.LexerTest" time="0.001"/>
  <testcase name="program 9 - at low_level annotation()" classname="nova.lexer.LexerTest" time="0.0"/>
  <testcase name="indentation - INDENT DEDENT balanced at EOF()" classname="nova.lexer.LexerTest" time="0.001"/>
  <testcase name="all 22 core keywords are recognized()" classname="nova.lexer.LexerTest" time="0.003"/>
  <testcase name="program 7 - method chain dot operator()" classname="nova.lexer.LexerTest" time="0.002"/>
  <testcase name="program 3 - for in range()" classname="nova.lexer.LexerTest" time="0.001"/>
  <testcase name="program 6 - send and receive()" classname="nova.lexer.LexerTest" time="0.001"/>
  <testcase name="program 2 - integer and float literals()" classname="nova.lexer.LexerTest" time="0.002"/>
  <testcase name="pipeline operator()" classname="nova.lexer.LexerTest" time="0.002"/>
  <testcase name="tab character produces error token()" classname="nova.lexer.LexerTest" time="0.001"/>
  <testcase name="token has correct column number()" classname="nova.lexer.LexerTest" time="0.002"/>
  <testcase name="unknown character produces error and continues()" classname="nova.lexer.LexerTest" time="0.002"/>
  <testcase name="program 8 - at annotation()" classname="nova.lexer.LexerTest" time="0.001"/>
  <testcase name="program 3 - match keyword with fat arrow()" classname="nova.lexer.LexerTest" time="0.0"/>
  <testcase name="program 3 - inline if expression()" classname="nova.lexer.LexerTest" time="0.0"/>
  <testcase name="raw string no interpolation()" classname="nova.lexer.LexerTest" time="0.0"/>
  <testcase name="token has correct line number()" classname="nova.lexer.LexerTest" time="0.001"/>
  <testcase name="string escape sequences()" classname="nova.lexer.LexerTest" time="0.001"/>
  <testcase name="program 2 - power operator()" classname="nova.lexer.LexerTest" time="0.0"/>
  <testcase name="string interpolation - escaped braces are literal()" classname="nova.lexer.LexerTest" time="0.001"/>
  <testcase name="boolean keywords()" classname="nova.lexer.LexerTest" time="0.001"/>
  <testcase name="indentation - multiple levels()" classname="nova.lexer.LexerTest" time="0.001"/>
  <testcase name="[1] +=" classname="nova.lexer.LexerTest" time="0.055"/>
  <testcase name="[2] -=" classname="nova.lexer.LexerTest" time="0.002"/>
  <testcase name="[3] *=" classname="nova.lexer.LexerTest" time="0.001"/>
  <testcase name="[4] /=" classname="nova.lexer.LexerTest" time="0.002"/>
  <testcase name="[5] %=" classname="nova.lexer.LexerTest" time="0.004"/>
  <testcase name="program 1 - hello world value()" classname="nova.lexer.LexerTest" time="0.001"/>
  <testcase name="simple string no interpolation()" classname="nova.lexer.LexerTest" time="0.0"/>
  <testcase name="program 9 - thin arrow for return type()" classname="nova.lexer.LexerTest" time="0.001"/>
  <testcase name="indentation - comment-only lines do not affect indentation()" classname="nova.lexer.LexerTest" time="0.001"/>
  <testcase name="program 3 - nested blocks produce matching INDENT DEDENT pairs()" classname="nova.lexer.LexerTest" time="0.0"/>
  <testcase name="unterminated string produces error()" classname="nova.lexer.LexerTest" time="0.001"/>
  <testcase name="program 10 - supervise keyword()" classname="nova.lexer.LexerTest" time="0.008"/>
  <testcase name="program 3 - function produces INDENT and DEDENT()" classname="nova.lexer.LexerTest" time="0.001"/>
  <testcase name="program 10 - select keyword()" classname="nova.lexer.LexerTest" time="0.002"/>
  <testcase name="program 4 - else for error default (same line)()" classname="nova.lexer.LexerTest" time="0.001"/>
  <testcase name="program 2 - simple assignment()" classname="nova.lexer.LexerTest" time="0.001"/>
  <testcase name="program 2 - string interpolation two variables()" classname="nova.lexer.LexerTest" time="0.002"/>
  <testcase name="integer literal with underscores()" classname="nova.lexer.LexerTest" time="0.001"/>
  <testcase name="comparison operators()" classname="nova.lexer.LexerTest" time="0.002"/>
  <testcase name="block comments are skipped()" classname="nova.lexer.LexerTest" time="0.0"/>
  <testcase name="float literal with exponent()" classname="nova.lexer.LexerTest" time="0.002"/>
  <testcase name="program 8 - NEWLINE suppressed inside brackets()" classname="nova.lexer.LexerTest" time="0.002"/>
  <testcase name="program 5 - import statement()" classname="nova.lexer.LexerTest" time="0.003"/>
  <testcase name="identifier that starts like keyword()" classname="nova.lexer.LexerTest" time="0.001"/>
  <testcase name="program 4 - else return pattern()" classname="nova.lexer.LexerTest" time="0.001"/>
  <testcase name="program 2 - string interpolation single variable()" classname="nova.lexer.LexerTest" time="0.003"/>
  <testcase name="program 1 - hello world()" classname="nova.lexer.LexerTest" time="0.001"/>
  <testcase name="interpolation with arithmetic expression()" classname="nova.lexer.LexerTest" time="0.001"/>
  <testcase name="hex literal()" classname="nova.lexer.LexerTest" time="0.003"/>
  <testcase name="program 3 - factorial recursive call()" classname="nova.lexer.LexerTest" time="0.002"/>
  <testcase name="program 6 - channel and spawn keywords()" classname="nova.lexer.LexerTest" time="0.001"/>
  <testcase name="unterminated string interpolation at EOF produces error()" classname="nova.lexer.LexerTest" time="0.002"/>
  <testcase name="program 6 - underscore wildcard is IDENT()" classname="nova.lexer.LexerTest" time="0.002"/>
  <testcase name="program 6 - plus-assign compound operator()" classname="nova.lexer.LexerTest" time="0.001"/>
  <system-out><![CDATA[]]></system-out>
  <system-err><![CDATA[]]></system-err>
</testsuite>
