<?xml version="1.0" encoding="UTF-8"?>
<testsuite name="nova.parser.ParserTest" tests="77" skipped="0" failures="0" errors="0" timestamp="2026-05-20T06:48:41.629Z" hostname="LAPTOP-MARDE55D" time="0.289">
  <properties/>
  <testcase name="singleLineIfInAssignment()" classname="nova.parser.ParserTest" time="0.002"/>
  <testcase name="receiveExpr()" classname="nova.parser.ParserTest" time="0.001"/>
  <testcase name="importSimple()" classname="nova.parser.ParserTest" time="0.001"/>
  <testcase name="intWithUnderscores()" classname="nova.parser.ParserTest" time="0.001"/>
  <testcase name="lambdaInCall()" classname="nova.parser.ParserTest" time="0.006"/>
  <testcase name="program6ConcurrentProcesses()" classname="nova.parser.ParserTest" time="0.002"/>
  <testcase name="simpleFnDecl()" classname="nova.parser.ParserTest" time="0.003"/>
  <testcase name="powerRightAssoc()" classname="nova.parser.ParserTest" time="0.001"/>
  <testcase name="errorRecovery()" classname="nova.parser.ParserTest" time="0.004"/>
  <testcase name="emptyInterpolationIsRecoveredError()" classname="nova.parser.ParserTest" time="0.002"/>
  <testcase name="program3FnAndControlFlow()" classname="nova.parser.ParserTest" time="0.002"/>
  <testcase name="spawnInExpression()" classname="nova.parser.ParserTest" time="0.001"/>
  <testcase name="rangeWithExpr()" classname="nova.parser.ParserTest" time="0.001"/>
  <testcase name="program1HelloWorld()" classname="nova.parser.ParserTest" time="0.001"/>
  <testcase name="forExpression()" classname="nova.parser.ParserTest" time="0.001"/>
  <testcase name="annotationWithArgs()" classname="nova.parser.ParserTest" time="0.007"/>
  <testcase name="rawStringLiteral()" classname="nova.parser.ParserTest" time="0.002"/>
  <testcase name="pipeGt()" classname="nova.parser.ParserTest" time="0.001"/>
  <testcase name="comparisonOps()" classname="nova.parser.ParserTest" time="0.002"/>
  <testcase name="recordLiteralMultiField()" classname="nova.parser.ParserTest" time="0.001"/>
  <testcase name="callNamedArgs()" classname="nova.parser.ParserTest" time="0.001"/>
  <testcase name="recordLiteral()" classname="nova.parser.ParserTest" time="0.001"/>
  <testcase name="memberAccess()" classname="nova.parser.ParserTest" time="0.0"/>
  <testcase name="parenGrouping()" classname="nova.parser.ParserTest" time="0.001"/>
  <testcase name="callWithArgs()" classname="nova.parser.ParserTest" time="0.001"/>
  <testcase name="stringInterpolationArithmetic()" classname="nova.parser.ParserTest" time="0.0"/>
  <testcase name="stringInterpolationSingle()" classname="nova.parser.ParserTest" time="0.001"/>
  <testcase name="fnWithReturnType()" classname="nova.parser.ParserTest" time="0.003"/>
  <testcase name="methodCall()" classname="nova.parser.ParserTest" time="0.001"/>
  <testcase name="typeDecl()" classname="nova.parser.ParserTest" time="0.001"/>
  <testcase name="lambdaMultiParam()" classname="nova.parser.ParserTest" time="0.001"/>
  <testcase name="hexLiteral()" classname="nova.parser.ParserTest" time="0.003"/>
  <testcase name="rangeLiteral()" classname="nova.parser.ParserTest" time="0.001"/>
  <testcase name="spawnStatement()" classname="nova.parser.ParserTest" time="0.001"/>
  <testcase name="multiLineIf()" classname="nova.parser.ParserTest" time="0.003"/>
  <testcase name="elseErrorDefault()" classname="nova.parser.ParserTest" time="0.002"/>
  <testcase name="returnStatement()" classname="nova.parser.ParserTest" time="0.0"/>
  <testcase name="forWildcard()" classname="nova.parser.ParserTest" time="0.002"/>
  <testcase name="multiLineIfElse()" classname="nova.parser.ParserTest" time="0.001"/>
  <testcase name="ident()" classname="nova.parser.ParserTest" time="0.001"/>
  <testcase name="addPrecedence()" classname="nova.parser.ParserTest" time="0.001"/>
  <testcase name="channelCall()" classname="nova.parser.ParserTest" time="0.002"/>
  <testcase name="stringLiteral()" classname="nova.parser.ParserTest" time="0.001"/>
  <testcase name="singleLineIfWithElseDefaultComposition()" classname="nova.parser.ParserTest" time="0.001"/>
  <testcase name="unaryMinus()" classname="nova.parser.ParserTest" time="0.001"/>
  <testcase name="listLiteral()" classname="nova.parser.ParserTest" time="0.002"/>
  <testcase name="returnInElse()" classname="nova.parser.ParserTest" time="0.005"/>
  <testcase name="elseDefaultPrecedenceOverAdd()" classname="nova.parser.ParserTest" time="0.003"/>
  <testcase name="chainedMemberAccess()" classname="nova.parser.ParserTest" time="0.002"/>
  <testcase name="indexAccess()" classname="nova.parser.ParserTest" time="0.001"/>
  <testcase name="matchConstructorPattern()" classname="nova.parser.ParserTest" time="0.007"/>
  <testcase name="breakStatement()" classname="nova.parser.ParserTest" time="0.009"/>
  <testcase name="program2Variables()" classname="nova.parser.ParserTest" time="0.002"/>
  <testcase name="stringInterpolationMultiple()" classname="nova.parser.ParserTest" time="0.002"/>
  <testcase name="tupleDestructuringAssign()" classname="nova.parser.ParserTest" time="0.001"/>
  <testcase name="annotationNoArgs()" classname="nova.parser.ParserTest" time="0.003"/>
  <testcase name="lambdaSingleParam()" classname="nova.parser.ParserTest" time="0.002"/>
  <testcase name="sendCall()" classname="nova.parser.ParserTest" time="0.009"/>
  <testcase name="spawnBlock()" classname="nova.parser.ParserTest" time="0.001"/>
  <testcase name="fnImplicitReturn()" classname="nova.parser.ParserTest" time="0.001"/>
  <testcase name="callNoArgs()" classname="nova.parser.ParserTest" time="0.001"/>
  <testcase name="notUnary()" classname="nova.parser.ParserTest" time="0.001"/>
  <testcase name="singleLineIf()" classname="nova.parser.ParserTest" time="0.003"/>
  <testcase name="tupleLiteral()" classname="nova.parser.ParserTest" time="0.001"/>
  <testcase name="forStatement()" classname="nova.parser.ParserTest" time="0.002"/>
  <testcase name="simpleAssignment()" classname="nova.parser.ParserTest" time="0.001"/>
  <testcase name="intLiteral()" classname="nova.parser.ParserTest" time="0.001"/>
  <testcase name="matchExpression()" classname="nova.parser.ParserTest" time="0.016"/>
  <testcase name="elseChaining()" classname="nova.parser.ParserTest" time="0.021"/>
  <testcase name="andOrPrecedence()" classname="nova.parser.ParserTest" time="0.001"/>
  <testcase name="compoundAssignPlus()" classname="nova.parser.ParserTest" time="0.0"/>
  <testcase name="program9SystemsLevel()" classname="nova.parser.ParserTest" time="0.001"/>
  <testcase name="boolTrue()" classname="nova.parser.ParserTest" time="0.007"/>
  <testcase name="boolFalse()" classname="nova.parser.ParserTest" time="0.003"/>
  <testcase name="floatLiteral()" classname="nova.parser.ParserTest" time="0.001"/>
  <testcase name="continueStatement()" classname="nova.parser.ParserTest" time="0.001"/>
  <testcase name="chainedMethodCall()" classname="nova.parser.ParserTest" time="0.001"/>
  <system-out><![CDATA[]]></system-out>
  <system-err><![CDATA[]]></system-err>
</testsuite>
