<?xml version="1.0" encoding="UTF-8"?>
<testsuite name="nova.ir.LlvmCodegenTest" tests="37" skipped="0" failures="25" errors="0" timestamp="2026-05-20T06:48:40.820Z" hostname="LAPTOP-MARDE55D" time="0.276">
  <properties/>
  <testcase name="ifElse_hasBlockLabels()" classname="nova.ir.LlvmCodegenTest" time="0.033">
    <failure message="org.opentest4j.AssertionFailedError: Must have if/ifb then block label ==&gt; expected: &lt;true&gt; but was: &lt;false&gt;" type="org.opentest4j.AssertionFailedError">org.opentest4j.AssertionFailedError: Must have if/ifb then block label ==&gt; expected: &lt;true&gt; but was: &lt;false&gt;
	at app//org.junit.jupiter.api.AssertionFailureBuilder.build(AssertionFailureBuilder.java:151)
	at app//org.junit.jupiter.api.AssertionFailureBuilder.buildAndThrow(AssertionFailureBuilder.java:132)
	at app//org.junit.jupiter.api.AssertTrue.failNotTrue(AssertTrue.java:63)
	at app//org.junit.jupiter.api.AssertTrue.assertTrue(AssertTrue.java:36)
	at app//org.junit.jupiter.api.Assertions.assertTrue(Assertions.java:214)
	at app//nova.ir.LlvmCodegenTest.ifElse_hasBlockLabels(LlvmCodegenTest.kt:203)
	at java.base@21.0.9/java.lang.reflect.Method.invoke(Method.java:580)
	at java.base@21.0.9/java.util.ArrayList.forEach(ArrayList.java:1596)
	at java.base@21.0.9/java.util.ArrayList.forEach(ArrayList.java:1596)
</failure>
  </testcase>
  <testcase name="printString_intToPtrForPuts()" classname="nova.ir.LlvmCodegenTest" time="0.021"/>
  <testcase name="gate5_helloWorld_completeLlvm()" classname="nova.ir.LlvmCodegenTest" time="0.005"/>
  <testcase name="printInteger_callsPrintf()" classname="nova.ir.LlvmCodegenTest" time="0.006">
    <failure message="org.opentest4j.AssertionFailedError: print(int) must call printf ==&gt; expected: &lt;true&gt; but was: &lt;false&gt;" type="org.opentest4j.AssertionFailedError">org.opentest4j.AssertionFailedError: print(int) must call printf ==&gt; expected: &lt;true&gt; but was: &lt;false&gt;
	at app//org.junit.jupiter.api.AssertionFailureBuilder.build(AssertionFailureBuilder.java:151)
	at app//org.junit.jupiter.api.AssertionFailureBuilder.buildAndThrow(AssertionFailureBuilder.java:132)
	at app//org.junit.jupiter.api.AssertTrue.failNotTrue(AssertTrue.java:63)
	at app//org.junit.jupiter.api.AssertTrue.assertTrue(AssertTrue.java:36)
	at app//org.junit.jupiter.api.Assertions.assertTrue(Assertions.java:214)
	at app//nova.ir.LlvmCodegenTest.printInteger_callsPrintf(LlvmCodegenTest.kt:295)
	at java.base@21.0.9/java.lang.reflect.Method.invoke(Method.java:580)
	at java.base@21.0.9/java.util.ArrayList.forEach(ArrayList.java:1596)
	at java.base@21.0.9/java.util.ArrayList.forEach(ArrayList.java:1596)
</failure>
  </testcase>
  <testcase name="integerModulo()" classname="nova.ir.LlvmCodegenTest" time="0.005">
    <failure message="org.opentest4j.AssertionFailedError: Must emit i64 srem instruction ==&gt; expected: &lt;true&gt; but was: &lt;false&gt;" type="org.opentest4j.AssertionFailedError">org.opentest4j.AssertionFailedError: Must emit i64 srem instruction ==&gt; expected: &lt;true&gt; but was: &lt;false&gt;
	at app//org.junit.jupiter.api.AssertionFailureBuilder.build(AssertionFailureBuilder.java:151)
	at app//org.junit.jupiter.api.AssertionFailureBuilder.buildAndThrow(AssertionFailureBuilder.java:132)
	at app//org.junit.jupiter.api.AssertTrue.failNotTrue(AssertTrue.java:63)
	at app//org.junit.jupiter.api.AssertTrue.assertTrue(AssertTrue.java:36)
	at app//org.junit.jupiter.api.Assertions.assertTrue(Assertions.java:214)
	at app//nova.ir.LlvmCodegenTest.integerModulo(LlvmCodegenTest.kt:107)
	at java.base@21.0.9/java.lang.reflect.Method.invoke(Method.java:580)
	at java.base@21.0.9/java.util.ArrayList.forEach(ArrayList.java:1596)
	at java.base@21.0.9/java.util.ArrayList.forEach(ArrayList.java:1596)
</failure>
  </testcase>
  <testcase name="comparison_lessThan()" classname="nova.ir.LlvmCodegenTest" time="0.003">
    <failure message="org.opentest4j.AssertionFailedError: Must emit icmp slt for &lt; ==&gt; expected: &lt;true&gt; but was: &lt;false&gt;" type="org.opentest4j.AssertionFailedError">org.opentest4j.AssertionFailedError: Must emit icmp slt for &lt; ==&gt; expected: &lt;true&gt; but was: &lt;false&gt;
	at app//org.junit.jupiter.api.AssertionFailureBuilder.build(AssertionFailureBuilder.java:151)
	at app//org.junit.jupiter.api.AssertionFailureBuilder.buildAndThrow(AssertionFailureBuilder.java:132)
	at app//org.junit.jupiter.api.AssertTrue.failNotTrue(AssertTrue.java:63)
	at app//org.junit.jupiter.api.AssertTrue.assertTrue(AssertTrue.java:36)
	at app//org.junit.jupiter.api.Assertions.assertTrue(Assertions.java:214)
	at app//nova.ir.LlvmCodegenTest.comparison_lessThan(LlvmCodegenTest.kt:120)
	at java.base@21.0.9/java.lang.reflect.Method.invoke(Method.java:580)
	at java.base@21.0.9/java.util.ArrayList.forEach(ArrayList.java:1596)
	at java.base@21.0.9/java.util.ArrayList.forEach(ArrayList.java:1596)
</failure>
  </testcase>
  <testcase name="output_noEmptyFunctions()" classname="nova.ir.LlvmCodegenTest" time="0.025"/>
  <testcase name="ifElse_emitsBranch()" classname="nova.ir.LlvmCodegenTest" time="0.005">
    <failure message="org.opentest4j.AssertionFailedError: If/else must emit conditional branch ==&gt; expected: &lt;true&gt; but was: &lt;false&gt;" type="org.opentest4j.AssertionFailedError">org.opentest4j.AssertionFailedError: If/else must emit conditional branch ==&gt; expected: &lt;true&gt; but was: &lt;false&gt;
	at app//org.junit.jupiter.api.AssertionFailureBuilder.build(AssertionFailureBuilder.java:151)
	at app//org.junit.jupiter.api.AssertionFailureBuilder.buildAndThrow(AssertionFailureBuilder.java:132)
	at app//org.junit.jupiter.api.AssertTrue.failNotTrue(AssertTrue.java:63)
	at app//org.junit.jupiter.api.AssertTrue.assertTrue(AssertTrue.java:36)
	at app//org.junit.jupiter.api.Assertions.assertTrue(Assertions.java:214)
	at app//nova.ir.LlvmCodegenTest.ifElse_emitsBranch(LlvmCodegenTest.kt:187)
	at java.base@21.0.9/java.lang.reflect.Method.invoke(Method.java:580)
	at java.base@21.0.9/java.util.ArrayList.forEach(ArrayList.java:1596)
	at java.base@21.0.9/java.util.ArrayList.forEach(ArrayList.java:1596)
</failure>
  </testcase>
  <testcase name="slotStore_emitsStore()" classname="nova.ir.LlvmCodegenTest" time="0.004">
    <failure message="org.opentest4j.AssertionFailedError: Variable assignment must emit store ==&gt; expected: &lt;true&gt; but was: &lt;false&gt;" type="org.opentest4j.AssertionFailedError">org.opentest4j.AssertionFailedError: Variable assignment must emit store ==&gt; expected: &lt;true&gt; but was: &lt;false&gt;
	at app//org.junit.jupiter.api.AssertionFailureBuilder.build(AssertionFailureBuilder.java:151)
	at app//org.junit.jupiter.api.AssertionFailureBuilder.buildAndThrow(AssertionFailureBuilder.java:132)
	at app//org.junit.jupiter.api.AssertTrue.failNotTrue(AssertTrue.java:63)
	at app//org.junit.jupiter.api.AssertTrue.assertTrue(AssertTrue.java:36)
	at app//org.junit.jupiter.api.Assertions.assertTrue(Assertions.java:214)
	at app//nova.ir.LlvmCodegenTest.slotStore_emitsStore(LlvmCodegenTest.kt:307)
	at java.base@21.0.9/java.lang.reflect.Method.invoke(Method.java:580)
	at java.base@21.0.9/java.util.ArrayList.forEach(ArrayList.java:1596)
	at java.base@21.0.9/java.util.ArrayList.forEach(ArrayList.java:1596)
</failure>
  </testcase>
  <testcase name="gate5_maxFunction_completeLlvm()" classname="nova.ir.LlvmCodegenTest" time="0.011">
    <failure message="org.opentest4j.AssertionFailedError: Correct max signature ==&gt; expected: &lt;true&gt; but was: &lt;false&gt;" type="org.opentest4j.AssertionFailedError">org.opentest4j.AssertionFailedError: Correct max signature ==&gt; expected: &lt;true&gt; but was: &lt;false&gt;
	at app//org.junit.jupiter.api.AssertionFailureBuilder.build(AssertionFailureBuilder.java:151)
	at app//org.junit.jupiter.api.AssertionFailureBuilder.buildAndThrow(AssertionFailureBuilder.java:132)
	at app//org.junit.jupiter.api.AssertTrue.failNotTrue(AssertTrue.java:63)
	at app//org.junit.jupiter.api.AssertTrue.assertTrue(AssertTrue.java:36)
	at app//org.junit.jupiter.api.Assertions.assertTrue(Assertions.java:214)
	at app//nova.ir.LlvmCodegenTest.gate5_maxFunction_completeLlvm(LlvmCodegenTest.kt:386)
	at java.base@21.0.9/java.lang.reflect.Method.invoke(Method.java:580)
	at java.base@21.0.9/java.util.ArrayList.forEach(ArrayList.java:1596)
	at java.base@21.0.9/java.util.ArrayList.forEach(ArrayList.java:1596)
</failure>
  </testcase>
  <testcase name="stringConstant_globalArray()" classname="nova.ir.LlvmCodegenTest" time="0.002"/>
  <testcase name="multipleFunctions_allDefined()" classname="nova.ir.LlvmCodegenTest" time="0.004">
    <failure message="org.opentest4j.AssertionFailedError: foo must be defined ==&gt; expected: &lt;true&gt; but was: &lt;false&gt;" type="org.opentest4j.AssertionFailedError">org.opentest4j.AssertionFailedError: foo must be defined ==&gt; expected: &lt;true&gt; but was: &lt;false&gt;
	at app//org.junit.jupiter.api.AssertionFailureBuilder.build(AssertionFailureBuilder.java:151)
	at app//org.junit.jupiter.api.AssertionFailureBuilder.buildAndThrow(AssertionFailureBuilder.java:132)
	at app//org.junit.jupiter.api.AssertTrue.failNotTrue(AssertTrue.java:63)
	at app//org.junit.jupiter.api.AssertTrue.assertTrue(AssertTrue.java:36)
	at app//org.junit.jupiter.api.Assertions.assertTrue(Assertions.java:214)
	at app//nova.ir.LlvmCodegenTest.multipleFunctions_allDefined(LlvmCodegenTest.kt:344)
	at java.base@21.0.9/java.lang.reflect.Method.invoke(Method.java:580)
	at java.base@21.0.9/java.util.ArrayList.forEach(ArrayList.java:1596)
	at java.base@21.0.9/java.util.ArrayList.forEach(ArrayList.java:1596)
</failure>
  </testcase>
  <testcase name="integerMultiplication()" classname="nova.ir.LlvmCodegenTest" time="0.007">
    <failure message="org.opentest4j.AssertionFailedError: Must emit i64 mul instruction ==&gt; expected: &lt;true&gt; but was: &lt;false&gt;" type="org.opentest4j.AssertionFailedError">org.opentest4j.AssertionFailedError: Must emit i64 mul instruction ==&gt; expected: &lt;true&gt; but was: &lt;false&gt;
	at app//org.junit.jupiter.api.AssertionFailureBuilder.build(AssertionFailureBuilder.java:151)
	at app//org.junit.jupiter.api.AssertionFailureBuilder.buildAndThrow(AssertionFailureBuilder.java:132)
	at app//org.junit.jupiter.api.AssertTrue.failNotTrue(AssertTrue.java:63)
	at app//org.junit.jupiter.api.AssertTrue.assertTrue(AssertTrue.java:36)
	at app//org.junit.jupiter.api.Assertions.assertTrue(Assertions.java:214)
	at app//nova.ir.LlvmCodegenTest.integerMultiplication(LlvmCodegenTest.kt:89)
	at java.base@21.0.9/java.lang.reflect.Method.invoke(Method.java:580)
	at java.base@21.0.9/java.util.ArrayList.forEach(ArrayList.java:1596)
	at java.base@21.0.9/java.util.ArrayList.forEach(ArrayList.java:1596)
</failure>
  </testcase>
  <testcase name="comparison_greaterThan()" classname="nova.ir.LlvmCodegenTest" time="0.004">
    <failure message="org.opentest4j.AssertionFailedError: Must emit icmp sgt for &gt; ==&gt; expected: &lt;true&gt; but was: &lt;false&gt;" type="org.opentest4j.AssertionFailedError">org.opentest4j.AssertionFailedError: Must emit icmp sgt for &gt; ==&gt; expected: &lt;true&gt; but was: &lt;false&gt;
	at app//org.junit.jupiter.api.AssertionFailureBuilder.build(AssertionFailureBuilder.java:151)
	at app//org.junit.jupiter.api.AssertionFailureBuilder.buildAndThrow(AssertionFailureBuilder.java:132)
	at app//org.junit.jupiter.api.AssertTrue.failNotTrue(AssertTrue.java:63)
	at app//org.junit.jupiter.api.AssertTrue.assertTrue(AssertTrue.java:36)
	at app//org.junit.jupiter.api.Assertions.assertTrue(Assertions.java:214)
	at app//nova.ir.LlvmCodegenTest.comparison_greaterThan(LlvmCodegenTest.kt:131)
	at java.base@21.0.9/java.lang.reflect.Method.invoke(Method.java:580)
	at java.base@21.0.9/java.util.ArrayList.forEach(ArrayList.java:1596)
	at java.base@21.0.9/java.util.ArrayList.forEach(ArrayList.java:1596)
</failure>
  </testcase>
  <testcase name="gate5_factorial_completeLlvm()" classname="nova.ir.LlvmCodegenTest" time="0.008"/>
  <testcase name="unaryNeg()" classname="nova.ir.LlvmCodegenTest" time="0.005">
    <failure message="org.opentest4j.AssertionFailedError: Unary neg must emit sub i64 0, operand ==&gt; expected: &lt;true&gt; but was: &lt;false&gt;" type="org.opentest4j.AssertionFailedError">org.opentest4j.AssertionFailedError: Unary neg must emit sub i64 0, operand ==&gt; expected: &lt;true&gt; but was: &lt;false&gt;
	at app//org.junit.jupiter.api.AssertionFailureBuilder.build(AssertionFailureBuilder.java:151)
	at app//org.junit.jupiter.api.AssertionFailureBuilder.buildAndThrow(AssertionFailureBuilder.java:132)
	at app//org.junit.jupiter.api.AssertTrue.failNotTrue(AssertTrue.java:63)
	at app//org.junit.jupiter.api.AssertTrue.assertTrue(AssertTrue.java:36)
	at app//org.junit.jupiter.api.Assertions.assertTrue(Assertions.java:214)
	at app//nova.ir.LlvmCodegenTest.unaryNeg(LlvmCodegenTest.kt:164)
	at java.base@21.0.9/java.lang.reflect.Method.invoke(Method.java:580)
	at java.base@21.0.9/java.util.ArrayList.forEach(ArrayList.java:1596)
	at java.base@21.0.9/java.util.ArrayList.forEach(ArrayList.java:1596)
</failure>
  </testcase>
  <testcase name="unaryNot()" classname="nova.ir.LlvmCodegenTest" time="0.004">
    <failure message="org.opentest4j.AssertionFailedError: Unary not must emit icmp eq 0 + zext ==&gt; expected: &lt;true&gt; but was: &lt;false&gt;" type="org.opentest4j.AssertionFailedError">org.opentest4j.AssertionFailedError: Unary not must emit icmp eq 0 + zext ==&gt; expected: &lt;true&gt; but was: &lt;false&gt;
	at app//org.junit.jupiter.api.AssertionFailureBuilder.build(AssertionFailureBuilder.java:151)
	at app//org.junit.jupiter.api.AssertionFailureBuilder.buildAndThrow(AssertionFailureBuilder.java:132)
	at app//org.junit.jupiter.api.AssertTrue.failNotTrue(AssertTrue.java:63)
	at app//org.junit.jupiter.api.AssertTrue.assertTrue(AssertTrue.java:36)
	at app//org.junit.jupiter.api.Assertions.assertTrue(Assertions.java:214)
	at app//nova.ir.LlvmCodegenTest.unaryNot(LlvmCodegenTest.kt:173)
	at java.base@21.0.9/java.lang.reflect.Method.invoke(Method.java:580)
	at java.base@21.0.9/java.util.ArrayList.forEach(ArrayList.java:1596)
	at java.base@21.0.9/java.util.ArrayList.forEach(ArrayList.java:1596)
</failure>
  </testcase>
  <testcase name="branchCondition_truncToI1()" classname="nova.ir.LlvmCodegenTest" time="0.003">
    <failure message="org.opentest4j.AssertionFailedError: Branch condition must trunc i64 to i1 ==&gt; expected: &lt;true&gt; but was: &lt;false&gt;" type="org.opentest4j.AssertionFailedError">org.opentest4j.AssertionFailedError: Branch condition must trunc i64 to i1 ==&gt; expected: &lt;true&gt; but was: &lt;false&gt;
	at app//org.junit.jupiter.api.AssertionFailureBuilder.build(AssertionFailureBuilder.java:151)
	at app//org.junit.jupiter.api.AssertionFailureBuilder.buildAndThrow(AssertionFailureBuilder.java:132)
	at app//org.junit.jupiter.api.AssertTrue.failNotTrue(AssertTrue.java:63)
	at app//org.junit.jupiter.api.AssertTrue.assertTrue(AssertTrue.java:36)
	at app//org.junit.jupiter.api.Assertions.assertTrue(Assertions.java:214)
	at app//nova.ir.LlvmCodegenTest.branchCondition_truncToI1(LlvmCodegenTest.kt:216)
	at java.base@21.0.9/java.lang.reflect.Method.invoke(Method.java:580)
	at java.base@21.0.9/java.util.ArrayList.forEach(ArrayList.java:1596)
	at java.base@21.0.9/java.util.ArrayList.forEach(ArrayList.java:1596)
</failure>
  </testcase>
  <testcase name="printString_callsPuts()" classname="nova.ir.LlvmCodegenTest" time="0.002"/>
  <testcase name="emitsMainWrapper()" classname="nova.ir.LlvmCodegenTest" time="0.004">
    <failure message="org.opentest4j.AssertionFailedError: Must have C main wrapper ==&gt; expected: &lt;true&gt; but was: &lt;false&gt;" type="org.opentest4j.AssertionFailedError">org.opentest4j.AssertionFailedError: Must have C main wrapper ==&gt; expected: &lt;true&gt; but was: &lt;false&gt;
	at app//org.junit.jupiter.api.AssertionFailureBuilder.build(AssertionFailureBuilder.java:151)
	at app//org.junit.jupiter.api.AssertionFailureBuilder.buildAndThrow(AssertionFailureBuilder.java:132)
	at app//org.junit.jupiter.api.AssertTrue.failNotTrue(AssertTrue.java:63)
	at app//org.junit.jupiter.api.AssertTrue.assertTrue(AssertTrue.java:36)
	at app//org.junit.jupiter.api.Assertions.assertTrue(Assertions.java:214)
	at app//nova.ir.LlvmCodegenTest.emitsMainWrapper(LlvmCodegenTest.kt:46)
	at java.base@21.0.9/java.lang.reflect.Method.invoke(Method.java:580)
	at java.base@21.0.9/java.util.ArrayList.forEach(ArrayList.java:1596)
	at java.base@21.0.9/java.util.ArrayList.forEach(ArrayList.java:1596)
</failure>
  </testcase>
  <testcase name="makeClosure_emitsUniformRecord()" classname="nova.ir.LlvmCodegenTest" time="0.005">
    <failure message="org.opentest4j.AssertionFailedError: Non-capturing closure must allocate uniform 8-byte record ==&gt; expected: &lt;true&gt; but was: &lt;false&gt;" type="org.opentest4j.AssertionFailedError">org.opentest4j.AssertionFailedError: Non-capturing closure must allocate uniform 8-byte record ==&gt; expected: &lt;true&gt; but was: &lt;false&gt;
	at app//org.junit.jupiter.api.AssertionFailureBuilder.build(AssertionFailureBuilder.java:151)
	at app//org.junit.jupiter.api.AssertionFailureBuilder.buildAndThrow(AssertionFailureBuilder.java:132)
	at app//org.junit.jupiter.api.AssertTrue.failNotTrue(AssertTrue.java:63)
	at app//org.junit.jupiter.api.AssertTrue.assertTrue(AssertTrue.java:36)
	at app//org.junit.jupiter.api.Assertions.assertTrue(Assertions.java:214)
	at app//nova.ir.LlvmCodegenTest.makeClosure_emitsUniformRecord(LlvmCodegenTest.kt:327)
	at java.base@21.0.9/java.lang.reflect.Method.invoke(Method.java:580)
	at java.base@21.0.9/java.util.ArrayList.forEach(ArrayList.java:1596)
	at java.base@21.0.9/java.util.ArrayList.forEach(ArrayList.java:1596)
</failure>
  </testcase>
  <testcase name="integerAddition()" classname="nova.ir.LlvmCodegenTest" time="0.004">
    <failure message="org.opentest4j.AssertionFailedError: Must emit i64 add instruction ==&gt; expected: &lt;true&gt; but was: &lt;false&gt;" type="org.opentest4j.AssertionFailedError">org.opentest4j.AssertionFailedError: Must emit i64 add instruction ==&gt; expected: &lt;true&gt; but was: &lt;false&gt;
	at app//org.junit.jupiter.api.AssertionFailureBuilder.build(AssertionFailureBuilder.java:151)
	at app//org.junit.jupiter.api.AssertionFailureBuilder.buildAndThrow(AssertionFailureBuilder.java:132)
	at app//org.junit.jupiter.api.AssertTrue.failNotTrue(AssertTrue.java:63)
	at app//org.junit.jupiter.api.AssertTrue.assertTrue(AssertTrue.java:36)
	at app//org.junit.jupiter.api.Assertions.assertTrue(Assertions.java:214)
	at app//nova.ir.LlvmCodegenTest.integerAddition(LlvmCodegenTest.kt:70)
	at java.base@21.0.9/java.lang.reflect.Method.invoke(Method.java:580)
	at java.base@21.0.9/java.util.ArrayList.forEach(ArrayList.java:1596)
	at java.base@21.0.9/java.util.ArrayList.forEach(ArrayList.java:1596)
</failure>
  </testcase>
  <testcase name="slotAlloc_emitsAlloca()" classname="nova.ir.LlvmCodegenTest" time="0.005">
    <failure message="org.opentest4j.AssertionFailedError: Variable assignment must emit alloca i64 ==&gt; expected: &lt;true&gt; but was: &lt;false&gt;" type="org.opentest4j.AssertionFailedError">org.opentest4j.AssertionFailedError: Variable assignment must emit alloca i64 ==&gt; expected: &lt;true&gt; but was: &lt;false&gt;
	at app//org.junit.jupiter.api.AssertionFailureBuilder.build(AssertionFailureBuilder.java:151)
	at app//org.junit.jupiter.api.AssertionFailureBuilder.buildAndThrow(AssertionFailureBuilder.java:132)
	at app//org.junit.jupiter.api.AssertTrue.failNotTrue(AssertTrue.java:63)
	at app//org.junit.jupiter.api.AssertTrue.assertTrue(AssertTrue.java:36)
	at app//org.junit.jupiter.api.Assertions.assertTrue(Assertions.java:214)
	at app//nova.ir.LlvmCodegenTest.slotAlloc_emitsAlloca(LlvmCodegenTest.kt:302)
	at java.base@21.0.9/java.lang.reflect.Method.invoke(Method.java:580)
	at java.base@21.0.9/java.util.ArrayList.forEach(ArrayList.java:1596)
	at java.base@21.0.9/java.util.ArrayList.forEach(ArrayList.java:1596)
</failure>
  </testcase>
  <testcase name="recursiveFunction()" classname="nova.ir.LlvmCodegenTest" time="0.004"/>
  <testcase name="stringConstant_gep()" classname="nova.ir.LlvmCodegenTest" time="0.003"/>
  <testcase name="stringConstant_ptrToInt()" classname="nova.ir.LlvmCodegenTest" time="0.002"/>
  <testcase name="novaMainFunction_defined()" classname="nova.ir.LlvmCodegenTest" time="0.002"/>
  <testcase name="integerConstant_inlinedAsLiteral()" classname="nova.ir.LlvmCodegenTest" time="0.013">
    <failure message="org.opentest4j.AssertionFailedError: Integer constant 42 must appear in output ==&gt; expected: &lt;true&gt; but was: &lt;false&gt;" type="org.opentest4j.AssertionFailedError">org.opentest4j.AssertionFailedError: Integer constant 42 must appear in output ==&gt; expected: &lt;true&gt; but was: &lt;false&gt;
	at app//org.junit.jupiter.api.AssertionFailureBuilder.build(AssertionFailureBuilder.java:151)
	at app//org.junit.jupiter.api.AssertionFailureBuilder.buildAndThrow(AssertionFailureBuilder.java:132)
	at app//org.junit.jupiter.api.AssertTrue.failNotTrue(AssertTrue.java:63)
	at app//org.junit.jupiter.api.AssertTrue.assertTrue(AssertTrue.java:36)
	at app//org.junit.jupiter.api.Assertions.assertTrue(Assertions.java:214)
	at app//nova.ir.LlvmCodegenTest.integerConstant_inlinedAsLiteral(LlvmCodegenTest.kt:61)
	at java.base@21.0.9/java.lang.reflect.Method.invoke(Method.java:580)
	at java.base@21.0.9/java.util.ArrayList.forEach(ArrayList.java:1596)
	at java.base@21.0.9/java.util.ArrayList.forEach(ArrayList.java:1596)
</failure>
  </testcase>
  <testcase name="slotLoad_emitsLoad()" classname="nova.ir.LlvmCodegenTest" time="0.004">
    <failure message="org.opentest4j.AssertionFailedError: Must have alloca for variable ==&gt; expected: &lt;true&gt; but was: &lt;false&gt;" type="org.opentest4j.AssertionFailedError">org.opentest4j.AssertionFailedError: Must have alloca for variable ==&gt; expected: &lt;true&gt; but was: &lt;false&gt;
	at app//org.junit.jupiter.api.AssertionFailureBuilder.build(AssertionFailureBuilder.java:151)
	at app//org.junit.jupiter.api.AssertionFailureBuilder.buildAndThrow(AssertionFailureBuilder.java:132)
	at app//org.junit.jupiter.api.AssertTrue.failNotTrue(AssertTrue.java:63)
	at app//org.junit.jupiter.api.AssertTrue.assertTrue(AssertTrue.java:36)
	at app//org.junit.jupiter.api.Assertions.assertTrue(Assertions.java:214)
	at app//nova.ir.LlvmCodegenTest.slotLoad_emitsLoad(LlvmCodegenTest.kt:316)
	at java.base@21.0.9/java.lang.reflect.Method.invoke(Method.java:580)
	at java.base@21.0.9/java.util.ArrayList.forEach(ArrayList.java:1596)
	at java.base@21.0.9/java.util.ArrayList.forEach(ArrayList.java:1596)
</failure>
  </testcase>
  <testcase name="functionWithParams_i64Signature()" classname="nova.ir.LlvmCodegenTest" time="0.005">
    <failure message="org.opentest4j.AssertionFailedError: Function must have i64 params: got:&#10;; Generated by NOVA compiler&#10;target datalayout = &quot;e-m:w-p270:32:32-p271:32:32-p272:64:64-i64:64-f80:128-n8:16:32:64-S128&quot;&#10;target triple = &quot;x86_64-pc-windows-msvc&quot;&#10;&#10;declare i32 @printf(ptr, ...)&#10;declare i32 @puts(ptr)&#10;declare noalias ptr @malloc(i64) nounwind allocsize(0)&#10;declare noalias ptr @calloc(i64, i64) nounwind&#10;declare ptr @realloc(ptr, i64) nounwind allocsize(1)&#10;declare void @free(ptr) nounwind&#10;declare ptr @nova_rt_struct_alloc(i64) nounwind&#10;declare i64 @llvm.smax.i64(i64, i64) nounwind readnone&#10;; nova runtime — list ops&#10;declare i64 @nova_rt_list_create() nounwind&#10;declare i64 @nova_rt_list_create_filled(i64, i64) nounwind&#10;declare i64 @nova_rt_list_append(i64, i64) nounwind&#10;declare i64 @nova_rt_list_get(i64, i64) nounwind readonly&#10;declare i64 @nova_rt_list_set(i64, i64, i64) nounwind&#10;declare i64 @nova_rt_list_len(i64) nounwind readonly&#10;declare i64 @nova_rt_list_print(i64) nounwind&#10;declare i64 @nova_rt_iter_has_next(i64, i64) nounwind readonly&#10;declare i64 @nova_rt_iter_get(i64, i64) nounwind readonly&#10;declare i64 @nova_rt_list_iter_has_next(i64, i64) nounwind readonly&#10;declare i64 @nova_rt_list_iter_get(i64, i64) nounwind readonly&#10;; nova runtime — string ops&#10;declare i64 @nova_rt_str_concat(i64, i64) nounwind&#10;declare i64 @nova_rt_int_to_str(i64) nounwind&#10;declare i64 @nova_rt_float_to_str(i64) nounwind&#10;declare i64 @nova_rt_bool_to_str(i64) nounwind&#10;declare i64 @nova_rt_str_len(i64) nounwind readonly&#10;declare i64 @nova_rt_len(i64) nounwind readonly&#10;declare i64 @nova_rt_contains(i64, i64) nounwind readonly&#10;declare i64 @nova_rt_slice(i64, i64, i64) nounwind&#10;declare i64 @nova_rt_upper(i64) nounwind&#10;declare i64 @nova_rt_lower(i64) nounwind&#10;declare i64 @nova_rt_trim(i64) nounwind&#10;declare i64 @nova_rt_repeat(i64, i64) nounwind&#10;declare i64 @nova_rt_split(i64, i64) nounwind&#10;declare i64 @nova_rt_replace(i64, i64, i64) nounwind&#10;declare i64 @nova_rt_starts_with(i64, i64) nounwind readonly&#10;declare i64 @nova_rt_ends_with(i64, i64) nounwind readonly&#10;declare i64 @nova_rt_find(i64, i64) nounwind readonly&#10;declare i64 @nova_rt_join(i64, i64) nounwind&#10;declare i64 @nova_rt_chars(i64) nounwind&#10;; nova runtime — list stdlib&#10;declare i64 @nova_rt_list_reverse(i64) nounwind&#10;declare i64 @nova_rt_list_sort(i64) nounwind&#10;declare i64 @nova_rt_list_map(i64, i64) nounwind&#10;declare i64 @nova_rt_list_filter(i64, i64) nounwind&#10;declare i64 @nova_rt_list_concat(i64, i64) nounwind&#10;declare i64 @nova_rt_list_slice(i64, i64, i64) nounwind&#10;declare i64 @nova_rt_list_to_str(i64) nounwind&#10;declare i64 @nova_rt_len_any(i64) nounwind readonly&#10;; nova runtime — type conversions&#10;declare i64 @nova_rt_parse_int(i64) nounwind&#10;declare i64 @nova_rt_parse_float(i64) nounwind&#10;; nova runtime — character ops&#10;declare i64 @nova_rt_ord(i64) nounwind readonly&#10;declare i64 @nova_rt_chr(i64) nounwind&#10;; nova runtime — process control&#10;declare void @nova_rt_exit(i64) noreturn nounwind&#10;declare i64 @nova_rt_system(i64) nounwind&#10;declare i64 @nova_rt_exec(i64) nounwind&#10;declare i32 @strcmp(ptr, ptr) nounwind readonly&#10;; nova runtime — dict ops (hash map, O(1) avg lookup)&#10;declare i64 @nova_rt_dict_create() nounwind&#10;declare i64 @nova_rt_dict_set(i64, i64, i64) nounwind&#10;declare i64 @nova_rt_dict_get(i64, i64) nounwind readonly&#10;declare i64 @nova_rt_dict_get_concat2(i64, i64, i64) nounwind readonly&#10;declare i64 @nova_rt_dict_set_concat2(i64, i64, i64, i64) nounwind&#10;declare i64 @nova_rt_dict_has(i64, i64) nounwind readonly&#10;declare i64 @nova_rt_dict_del(i64, i64) nounwind&#10;declare i64 @nova_rt_dict_len(i64) nounwind readonly&#10;declare i64 @nova_rt_dict_keys(i64) nounwind&#10;declare i64 @nova_rt_dict_values(i64) nounwind&#10;declare i64 @nova_rt_dict_items(i64) nounwind&#10;; nova runtime — IO ops&#10;declare i64 @nova_rt_read_line() nounwind&#10;declare i64 @nova_rt_read_bytes(i64) nounwind&#10;declare i64 @nova_rt_write_raw(i64) nounwind&#10;declare i64 @nova_rt_read_file(i64) nounwind&#10;declare i64 @nova_rt_write_file(i64, i64) nounwind&#10;declare i64 @nova_rt_append_file(i64, i64) nounwind&#10;declare i64 @nova_rt_file_exists(i64) nounwind readonly&#10;; nova runtime — JSON ops&#10;declare i64 @nova_rt_json_parse(i64) nounwind&#10;declare i64 @nova_rt_json_stringify(i64) nounwind&#10;; nova runtime — HTTP ops&#10;declare i64 @nova_rt_http_get(i64) nounwind&#10;declare i64 @nova_rt_http_post(i64, i64, i64) nounwind&#10;; nova runtime — time ops&#10;declare i64 @nova_rt_time_ms() nounwind&#10;declare i64 @nova_rt_clock_ns() nounwind&#10;declare void @nova_rt_sleep_ms(i64) nounwind&#10;declare void @nova_rt_assert(i64, i64) nounwind&#10;; nova runtime — type dispatch&#10;declare i64 @nova_rt_any_to_str(i64) nounwind&#10;declare i64 @nova_rt_str_concat_safe(i64, i64) nounwind&#10;declare i64 @nova_rt_str_char_at(i64, i64) nounwind&#10;declare i64 @nova_rt_type_of(i64) nounwind&#10;declare i64 @nova_rt_range(i64) nounwind&#10;declare i64 @nova_rt_range_from_to(i64, i64) nounwind&#10;declare void @nova_rt_init() nounwind&#10;declare void @nova_rt_init_args(i64, i64) nounwind&#10;; nova runtime — system ops&#10;declare i64 @nova_rt_args() nounwind&#10;declare i64 @nova_rt_env(i64) nounwind&#10;declare i64 @nova_rt_random_int(i64, i64) nounwind&#10;declare i64 @nova_rt_random_float() nounwind&#10;declare i64 @nova_rt_shell(i64) nounwind&#10;declare i64 @nova_rt_path_join(i64, i64) nounwind&#10;declare i64 @nova_rt_path_parent(i64) nounwind&#10;declare i64 @nova_rt_path_name(i64) nounwind&#10;declare i64 @nova_rt_path_ext(i64) nounwind&#10;declare i64 @nova_rt_mkdir(i64) nounwind&#10;declare i64 @nova_rt_mkdir_p(i64) nounwind&#10;declare i64 @nova_rt_path_exists(i64) nounwind&#10;; nova runtime — regex ops&#10;declare i64 @nova_rt_regex_match(i64, i64) nounwind readonly&#10;declare i64 @nova_rt_regex_find(i64, i64) nounwind&#10;declare i64 @nova_rt_regex_replace(i64, i64, i64) nounwind&#10;declare i64 @nova_rt_regex_split(i64, i64) nounwind&#10;; nova runtime — collection utilities&#10;declare i64 @nova_rt_enumerate(i64) nounwind&#10;declare i64 @nova_rt_zip(i64, i64) nounwind&#10;declare i64 @nova_rt_list_sum(i64) nounwind readonly&#10;declare i64 @nova_rt_list_any(i64) nounwind readonly&#10;declare i64 @nova_rt_list_all(i64) nounwind readonly&#10;declare i64 @nova_rt_list_min(i64) nounwind readonly&#10;declare i64 @nova_rt_list_max(i64) nounwind readonly&#10;; nova runtime — set operations&#10;declare i64 @nova_rt_set_create() nounwind&#10;declare i64 @nova_rt_set_add(i64, i64) nounwind&#10;declare i64 @nova_rt_set_has(i64, i64) nounwind readonly&#10;declare i64 @nova_rt_set_remove(i64, i64) nounwind&#10;declare i64 @nova_rt_set_len(i64) nounwind readonly&#10;declare i64 @nova_rt_set_to_list(i64) nounwind&#10;; nova runtime — datetime operations&#10;declare i64 @nova_rt_datetime_now() nounwind&#10;declare i64 @nova_rt_datetime_format(i64, i64) nounwind&#10;declare i64 @nova_rt_datetime_year(i64) nounwind readonly&#10;declare i64 @nova_rt_datetime_month(i64) nounwind readonly&#10;declare i64 @nova_rt_datetime_day(i64) nounwind readonly&#10;declare i64 @nova_rt_datetime_hour(i64) nounwind readonly&#10;declare i64 @nova_rt_datetime_minute(i64) nounwind readonly&#10;declare i64 @nova_rt_datetime_second(i64) nounwind readonly&#10;; nova runtime — network ops&#10;declare i64 @nova_rt_tcp_connect(i64, i64) nounwind&#10;declare i64 @nova_rt_tcp_listen(i64) nounwind&#10;declare i64 @nova_rt_tcp_accept(i64) nounwind&#10;declare i64 @nova_rt_tcp_send(i64, i64) nounwind&#10;declare i64 @nova_rt_tcp_recv(i64) nounwind&#10;declare void @nova_rt_tcp_close(i64) nounwind&#10;declare i64 @nova_rt_udp_bind(i64) nounwind&#10;declare i64 @nova_rt_udp_send(i64, i64, i64, i64) nounwind&#10;declare i64 @nova_rt_udp_recv(i64) nounwind&#10;; nova runtime — HTTP server&#10;declare i64 @nova_rt_http_listen(i64) nounwind&#10;declare i64 @nova_rt_http_accept(i64) nounwind&#10;declare void @nova_rt_http_respond(i64, i64, i64) nounwind&#10;; nova runtime — byte arrays&#10;declare i64 @nova_rt_bytes_create(i64) nounwind&#10;declare i64 @nova_rt_bytes_get(i64, i64) nounwind&#10;declare void @nova_rt_bytes_set(i64, i64, i64) nounwind&#10;declare i64 @nova_rt_bytes_len(i64) nounwind&#10;declare i64 @nova_rt_bytes_slice(i64, i64, i64) nounwind&#10;declare i64 @nova_rt_bytes_to_str(i64) nounwind&#10;declare i64 @nova_rt_str_to_bytes(i64) nounwind&#10;; nova runtime — channel/spawn ops&#10;declare i64 @nova_rt_channel_create() nounwind&#10;declare i64 @nova_rt_channel_send(i64, i64) nounwind&#10;declare i64 @nova_rt_channel_recv(i64) nounwind&#10;declare i64 @nova_rt_channel_close(i64) nounwind&#10;declare i64 @nova_rt_channel_select(i64, i64) nounwind&#10;declare i64 @nova_rt_channel_recv_timeout(i64, i64) nounwind&#10;declare i64 @nova_rt_spawn(i64, i64) nounwind&#10;declare i64 @nova_rt_monitor(i64) nounwind&#10;declare void @nova_rt_wait_all() nounwind&#10;; nova runtime — math (trig/log via C runtime for non-intrinsic functions)&#10;declare i64 @nova_rt_tan(i64) nounwind&#10;declare i64 @nova_rt_asin(i64) nounwind&#10;declare i64 @nova_rt_acos(i64) nounwind&#10;declare i64 @nova_rt_atan(i64) nounwind&#10;declare i64 @nova_rt_atan2(i64, i64) nounwind&#10;declare i64 @nova_rt_fmod(i64, i64) nounwind&#10;declare i64 @nova_rt_int_pow(i64, i64) nounwind&#10;; nova runtime — memory management&#10;declare void @nova_rt_cleanup() nounwind&#10;declare void @nova_rt_track_raw(ptr) nounwind&#10;declare i64 @nova_rt_alloc_count() nounwind readonly&#10;declare i64 @nova_rt_live_count() nounwind readonly&#10;; nova runtime — reference counting&#10;declare void @nova_rc_inc(i64) nounwind&#10;declare void @nova_rc_dec(i64) nounwind&#10;; nova runtime — distributed computing&#10;declare i64 @nova_rt_serialize(i64) nounwind&#10;declare i64 @nova_rt_deserialize(i64) nounwind&#10;declare i64 @nova_rt_serialize_to_hex(i64) nounwind&#10;declare i64 @nova_rt_node_listen(i64) nounwind&#10;declare i64 @nova_rt_node_accept(i64) nounwind&#10;declare void @nova_rt_node_stop(i64) nounwind&#10;declare i64 @nova_rt_node_connect(i64) nounwind&#10;declare i64 @nova_rt_remote_channel_create(i64) nounwind&#10;declare i64 @nova_rt_remote_send(i64, i64) nounwind&#10;declare i64 @nova_rt_remote_recv(i64) nounwind&#10;declare void @nova_rt_remote_close(i64) nounwind&#10;declare i64 @nova_rt_remote_spawn(i64, i64, i64) nounwind&#10;declare i64 @nova_rt_node_recv_spawn(i64) nounwind&#10;; nova error state — thread-local flag (safe for spawn/concurrent programs)&#10;@__nova_error_flag = thread_local global i64 0&#10;@__nova_error_msg = thread_local global i64 0&#10;&#10;@.str.0 = private unnamed_addr constant [6 x i8] c&quot;%lld\0A\00&quot;&#10;@.str.1 = private unnamed_addr constant [4 x i8] c&quot;%f\0A\00&quot;&#10;@.str.2 = private unnamed_addr constant [4 x i8] c&quot;%s\0A\00&quot;&#10;@.str.3 = private unnamed_addr constant [5 x i8] c&quot;true\00&quot;&#10;@.str.4 = private unnamed_addr constant [6 x i8] c&quot;false\00&quot;&#10;&#10;define i64 @nova_main() nounwind {&#10;entry0:&#10;  ret i64 0&#10;}&#10;&#10;define i32 @main(i32 %argc, ptr %argv) nounwind {&#10;entry:&#10;  %argc64 = sext i32 %argc to i64&#10;  %argv64 = ptrtoint ptr %argv to i64&#10;  call void @nova_rt_init_args(i64 %argc64, i64 %argv64)&#10;  call i64 @nova_main()&#10;  call void @nova_rt_wait_all()&#10;  call void @nova_rt_cleanup()&#10;  ret i32 0&#10;}&#10;&#10;!0 = !{!&quot;NOVA TBAA&quot;}&#10;!1 = !{!&quot;list_data_ptr&quot;, !0}&#10;!2 = !{!1, !1, i64 0}&#10;!3 = !{!&quot;list_elem&quot;, !0}&#10;!4 = !{!3, !3, i64 0}&#10;!5 = !{!&quot;list_size&quot;, !0}&#10;!6 = !{!5, !5, i64 0}&#10;!7 = !{!&quot;list_cap&quot;, !0}&#10;!8 = !{!7, !7, i64 0}&#10;!90 = !{!&quot;branch_weights&quot;, i32 2000, i32 1}&#10;!91 = distinct !{!91, !92, !93}&#10;!92 = !{!&quot;llvm.loop.unroll.enable&quot;}&#10;!93 = !{!&quot;llvm.loop.vectorize.enable&quot;, i1 true}&#10; ==&gt; expected: &lt;true&gt; but was: &lt;false&gt;" type="org.opentest4j.AssertionFailedError">org.opentest4j.AssertionFailedError: Function must have i64 params: got:
; Generated by NOVA compiler
target datalayout = &quot;e-m:w-p270:32:32-p271:32:32-p272:64:64-i64:64-f80:128-n8:16:32:64-S128&quot;
target triple = &quot;x86_64-pc-windows-msvc&quot;

declare i32 @printf(ptr, ...)
declare i32 @puts(ptr)
declare noalias ptr @malloc(i64) nounwind allocsize(0)
declare noalias ptr @calloc(i64, i64) nounwind
declare ptr @realloc(ptr, i64) nounwind allocsize(1)
declare void @free(ptr) nounwind
declare ptr @nova_rt_struct_alloc(i64) nounwind
declare i64 @llvm.smax.i64(i64, i64) nounwind readnone
; nova runtime — list ops
declare i64 @nova_rt_list_create() nounwind
declare i64 @nova_rt_list_create_filled(i64, i64) nounwind
declare i64 @nova_rt_list_append(i64, i64) nounwind
declare i64 @nova_rt_list_get(i64, i64) nounwind readonly
declare i64 @nova_rt_list_set(i64, i64, i64) nounwind
declare i64 @nova_rt_list_len(i64) nounwind readonly
declare i64 @nova_rt_list_print(i64) nounwind
declare i64 @nova_rt_iter_has_next(i64, i64) nounwind readonly
declare i64 @nova_rt_iter_get(i64, i64) nounwind readonly
declare i64 @nova_rt_list_iter_has_next(i64, i64) nounwind readonly
declare i64 @nova_rt_list_iter_get(i64, i64) nounwind readonly
; nova runtime — string ops
declare i64 @nova_rt_str_concat(i64, i64) nounwind
declare i64 @nova_rt_int_to_str(i64) nounwind
declare i64 @nova_rt_float_to_str(i64) nounwind
declare i64 @nova_rt_bool_to_str(i64) nounwind
declare i64 @nova_rt_str_len(i64) nounwind readonly
declare i64 @nova_rt_len(i64) nounwind readonly
declare i64 @nova_rt_contains(i64, i64) nounwind readonly
declare i64 @nova_rt_slice(i64, i64, i64) nounwind
declare i64 @nova_rt_upper(i64) nounwind
declare i64 @nova_rt_lower(i64) nounwind
declare i64 @nova_rt_trim(i64) nounwind
declare i64 @nova_rt_repeat(i64, i64) nounwind
declare i64 @nova_rt_split(i64, i64) nounwind
declare i64 @nova_rt_replace(i64, i64, i64) nounwind
declare i64 @nova_rt_starts_with(i64, i64) nounwind readonly
declare i64 @nova_rt_ends_with(i64, i64) nounwind readonly
declare i64 @nova_rt_find(i64, i64) nounwind readonly
declare i64 @nova_rt_join(i64, i64) nounwind
declare i64 @nova_rt_chars(i64) nounwind
; nova runtime — list stdlib
declare i64 @nova_rt_list_reverse(i64) nounwind
declare i64 @nova_rt_list_sort(i64) nounwind
declare i64 @nova_rt_list_map(i64, i64) nounwind
declare i64 @nova_rt_list_filter(i64, i64) nounwind
declare i64 @nova_rt_list_concat(i64, i64) nounwind
declare i64 @nova_rt_list_slice(i64, i64, i64) nounwind
declare i64 @nova_rt_list_to_str(i64) nounwind
declare i64 @nova_rt_len_any(i64) nounwind readonly
; nova runtime — type conversions
declare i64 @nova_rt_parse_int(i64) nounwind
declare i64 @nova_rt_parse_float(i64) nounwind
; nova runtime — character ops
declare i64 @nova_rt_ord(i64) nounwind readonly
declare i64 @nova_rt_chr(i64) nounwind
; nova runtime — process control
declare void @nova_rt_exit(i64) noreturn nounwind
declare i64 @nova_rt_system(i64) nounwind
declare i64 @nova_rt_exec(i64) nounwind
declare i32 @strcmp(ptr, ptr) nounwind readonly
; nova runtime — dict ops (hash map, O(1) avg lookup)
declare i64 @nova_rt_dict_create() nounwind
declare i64 @nova_rt_dict_set(i64, i64, i64) nounwind
declare i64 @nova_rt_dict_get(i64, i64) nounwind readonly
declare i64 @nova_rt_dict_get_concat2(i64, i64, i64) nounwind readonly
declare i64 @nova_rt_dict_set_concat2(i64, i64, i64, i64) nounwind
declare i64 @nova_rt_dict_has(i64, i64) nounwind readonly
declare i64 @nova_rt_dict_del(i64, i64) nounwind
declare i64 @nova_rt_dict_len(i64) nounwind readonly
declare i64 @nova_rt_dict_keys(i64) nounwind
declare i64 @nova_rt_dict_values(i64) nounwind
declare i64 @nova_rt_dict_items(i64) nounwind
; nova runtime — IO ops
declare i64 @nova_rt_read_line() nounwind
declare i64 @nova_rt_read_bytes(i64) nounwind
declare i64 @nova_rt_write_raw(i64) nounwind
declare i64 @nova_rt_read_file(i64) nounwind
declare i64 @nova_rt_write_file(i64, i64) nounwind
declare i64 @nova_rt_append_file(i64, i64) nounwind
declare i64 @nova_rt_file_exists(i64) nounwind readonly
; nova runtime — JSON ops
declare i64 @nova_rt_json_parse(i64) nounwind
declare i64 @nova_rt_json_stringify(i64) nounwind
; nova runtime — HTTP ops
declare i64 @nova_rt_http_get(i64) nounwind
declare i64 @nova_rt_http_post(i64, i64, i64) nounwind
; nova runtime — time ops
declare i64 @nova_rt_time_ms() nounwind
declare i64 @nova_rt_clock_ns() nounwind
declare void @nova_rt_sleep_ms(i64) nounwind
declare void @nova_rt_assert(i64, i64) nounwind
; nova runtime — type dispatch
declare i64 @nova_rt_any_to_str(i64) nounwind
declare i64 @nova_rt_str_concat_safe(i64, i64) nounwind
declare i64 @nova_rt_str_char_at(i64, i64) nounwind
declare i64 @nova_rt_type_of(i64) nounwind
declare i64 @nova_rt_range(i64) nounwind
declare i64 @nova_rt_range_from_to(i64, i64) nounwind
declare void @nova_rt_init() nounwind
declare void @nova_rt_init_args(i64, i64) nounwind
; nova runtime — system ops
declare i64 @nova_rt_args() nounwind
declare i64 @nova_rt_env(i64) nounwind
declare i64 @nova_rt_random_int(i64, i64) nounwind
declare i64 @nova_rt_random_float() nounwind
declare i64 @nova_rt_shell(i64) nounwind
declare i64 @nova_rt_path_join(i64, i64) nounwind
declare i64 @nova_rt_path_parent(i64) nounwind
declare i64 @nova_rt_path_name(i64) nounwind
declare i64 @nova_rt_path_ext(i64) nounwind
declare i64 @nova_rt_mkdir(i64) nounwind
declare i64 @nova_rt_mkdir_p(i64) nounwind
declare i64 @nova_rt_path_exists(i64) nounwind
; nova runtime — regex ops
declare i64 @nova_rt_regex_match(i64, i64) nounwind readonly
declare i64 @nova_rt_regex_find(i64, i64) nounwind
declare i64 @nova_rt_regex_replace(i64, i64, i64) nounwind
declare i64 @nova_rt_regex_split(i64, i64) nounwind
; nova runtime — collection utilities
declare i64 @nova_rt_enumerate(i64) nounwind
declare i64 @nova_rt_zip(i64, i64) nounwind
declare i64 @nova_rt_list_sum(i64) nounwind readonly
declare i64 @nova_rt_list_any(i64) nounwind readonly
declare i64 @nova_rt_list_all(i64) nounwind readonly
declare i64 @nova_rt_list_min(i64) nounwind readonly
declare i64 @nova_rt_list_max(i64) nounwind readonly
; nova runtime — set operations
declare i64 @nova_rt_set_create() nounwind
declare i64 @nova_rt_set_add(i64, i64) nounwind
declare i64 @nova_rt_set_has(i64, i64) nounwind readonly
declare i64 @nova_rt_set_remove(i64, i64) nounwind
declare i64 @nova_rt_set_len(i64) nounwind readonly
declare i64 @nova_rt_set_to_list(i64) nounwind
; nova runtime — datetime operations
declare i64 @nova_rt_datetime_now() nounwind
declare i64 @nova_rt_datetime_format(i64, i64) nounwind
declare i64 @nova_rt_datetime_year(i64) nounwind readonly
declare i64 @nova_rt_datetime_month(i64) nounwind readonly
declare i64 @nova_rt_datetime_day(i64) nounwind readonly
declare i64 @nova_rt_datetime_hour(i64) nounwind readonly
declare i64 @nova_rt_datetime_minute(i64) nounwind readonly
declare i64 @nova_rt_datetime_second(i64) nounwind readonly
; nova runtime — network ops
declare i64 @nova_rt_tcp_connect(i64, i64) nounwind
declare i64 @nova_rt_tcp_listen(i64) nounwind
declare i64 @nova_rt_tcp_accept(i64) nounwind
declare i64 @nova_rt_tcp_send(i64, i64) nounwind
declare i64 @nova_rt_tcp_recv(i64) nounwind
declare void @nova_rt_tcp_close(i64) nounwind
declare i64 @nova_rt_udp_bind(i64) nounwind
declare i64 @nova_rt_udp_send(i64, i64, i64, i64) nounwind
declare i64 @nova_rt_udp_recv(i64) nounwind
; nova runtime — HTTP server
declare i64 @nova_rt_http_listen(i64) nounwind
declare i64 @nova_rt_http_accept(i64) nounwind
declare void @nova_rt_http_respond(i64, i64, i64) nounwind
; nova runtime — byte arrays
declare i64 @nova_rt_bytes_create(i64) nounwind
declare i64 @nova_rt_bytes_get(i64, i64) nounwind
declare void @nova_rt_bytes_set(i64, i64, i64) nounwind
declare i64 @nova_rt_bytes_len(i64) nounwind
declare i64 @nova_rt_bytes_slice(i64, i64, i64) nounwind
declare i64 @nova_rt_bytes_to_str(i64) nounwind
declare i64 @nova_rt_str_to_bytes(i64) nounwind
; nova runtime — channel/spawn ops
declare i64 @nova_rt_channel_create() nounwind
declare i64 @nova_rt_channel_send(i64, i64) nounwind
declare i64 @nova_rt_channel_recv(i64) nounwind
declare i64 @nova_rt_channel_close(i64) nounwind
declare i64 @nova_rt_channel_select(i64, i64) nounwind
declare i64 @nova_rt_channel_recv_timeout(i64, i64) nounwind
declare i64 @nova_rt_spawn(i64, i64) nounwind
declare i64 @nova_rt_monitor(i64) nounwind
declare void @nova_rt_wait_all() nounwind
; nova runtime — math (trig/log via C runtime for non-intrinsic functions)
declare i64 @nova_rt_tan(i64) nounwind
declare i64 @nova_rt_asin(i64) nounwind
declare i64 @nova_rt_acos(i64) nounwind
declare i64 @nova_rt_atan(i64) nounwind
declare i64 @nova_rt_atan2(i64, i64) nounwind
declare i64 @nova_rt_fmod(i64, i64) nounwind
declare i64 @nova_rt_int_pow(i64, i64) nounwind
; nova runtime — memory management
declare void @nova_rt_cleanup() nounwind
declare void @nova_rt_track_raw(ptr) nounwind
declare i64 @nova_rt_alloc_count() nounwind readonly
declare i64 @nova_rt_live_count() nounwind readonly
; nova runtime — reference counting
declare void @nova_rc_inc(i64) nounwind
declare void @nova_rc_dec(i64) nounwind
; nova runtime — distributed computing
declare i64 @nova_rt_serialize(i64) nounwind
declare i64 @nova_rt_deserialize(i64) nounwind
declare i64 @nova_rt_serialize_to_hex(i64) nounwind
declare i64 @nova_rt_node_listen(i64) nounwind
declare i64 @nova_rt_node_accept(i64) nounwind
declare void @nova_rt_node_stop(i64) nounwind
declare i64 @nova_rt_node_connect(i64) nounwind
declare i64 @nova_rt_remote_channel_create(i64) nounwind
declare i64 @nova_rt_remote_send(i64, i64) nounwind
declare i64 @nova_rt_remote_recv(i64) nounwind
declare void @nova_rt_remote_close(i64) nounwind
declare i64 @nova_rt_remote_spawn(i64, i64, i64) nounwind
declare i64 @nova_rt_node_recv_spawn(i64) nounwind
; nova error state — thread-local flag (safe for spawn/concurrent programs)
@__nova_error_flag = thread_local global i64 0
@__nova_error_msg = thread_local global i64 0

@.str.0 = private unnamed_addr constant [6 x i8] c&quot;%lld\0A\00&quot;
@.str.1 = private unnamed_addr constant [4 x i8] c&quot;%f\0A\00&quot;
@.str.2 = private unnamed_addr constant [4 x i8] c&quot;%s\0A\00&quot;
@.str.3 = private unnamed_addr constant [5 x i8] c&quot;true\00&quot;
@.str.4 = private unnamed_addr constant [6 x i8] c&quot;false\00&quot;

define i64 @nova_main() nounwind {
entry0:
  ret i64 0
}

define i32 @main(i32 %argc, ptr %argv) nounwind {
entry:
  %argc64 = sext i32 %argc to i64
  %argv64 = ptrtoint ptr %argv to i64
  call void @nova_rt_init_args(i64 %argc64, i64 %argv64)
  call i64 @nova_main()
  call void @nova_rt_wait_all()
  call void @nova_rt_cleanup()
  ret i32 0
}

!0 = !{!&quot;NOVA TBAA&quot;}
!1 = !{!&quot;list_data_ptr&quot;, !0}
!2 = !{!1, !1, i64 0}
!3 = !{!&quot;list_elem&quot;, !0}
!4 = !{!3, !3, i64 0}
!5 = !{!&quot;list_size&quot;, !0}
!6 = !{!5, !5, i64 0}
!7 = !{!&quot;list_cap&quot;, !0}
!8 = !{!7, !7, i64 0}
!90 = !{!&quot;branch_weights&quot;, i32 2000, i32 1}
!91 = distinct !{!91, !92, !93}
!92 = !{!&quot;llvm.loop.unroll.enable&quot;}
!93 = !{!&quot;llvm.loop.vectorize.enable&quot;, i1 true}
 ==&gt; expected: &lt;true&gt; but was: &lt;false&gt;
	at app//org.junit.jupiter.api.AssertionFailureBuilder.build(AssertionFailureBuilder.java:151)
	at app//org.junit.jupiter.api.AssertionFailureBuilder.buildAndThrow(AssertionFailureBuilder.java:132)
	at app//org.junit.jupiter.api.AssertTrue.failNotTrue(AssertTrue.java:63)
	at app//org.junit.jupiter.api.AssertTrue.assertTrue(AssertTrue.java:36)
	at app//org.junit.jupiter.api.Assertions.assertTrue(Assertions.java:214)
	at app//nova.ir.LlvmCodegenTest.functionWithParams_i64Signature(LlvmCodegenTest.kt:228)
	at java.base@21.0.9/java.lang.reflect.Method.invoke(Method.java:580)
	at java.base@21.0.9/java.util.ArrayList.forEach(ArrayList.java:1596)
	at java.base@21.0.9/java.util.ArrayList.forEach(ArrayList.java:1596)
</failure>
  </testcase>
  <testcase name="integerSubtraction()" classname="nova.ir.LlvmCodegenTest" time="0.007">
    <failure message="org.opentest4j.AssertionFailedError: Must emit i64 sub instruction ==&gt; expected: &lt;true&gt; but was: &lt;false&gt;" type="org.opentest4j.AssertionFailedError">org.opentest4j.AssertionFailedError: Must emit i64 sub instruction ==&gt; expected: &lt;true&gt; but was: &lt;false&gt;
	at app//org.junit.jupiter.api.AssertionFailureBuilder.build(AssertionFailureBuilder.java:151)
	at app//org.junit.jupiter.api.AssertionFailureBuilder.buildAndThrow(AssertionFailureBuilder.java:132)
	at app//org.junit.jupiter.api.AssertTrue.failNotTrue(AssertTrue.java:63)
	at app//org.junit.jupiter.api.AssertTrue.assertTrue(AssertTrue.java:36)
	at app//org.junit.jupiter.api.Assertions.assertTrue(Assertions.java:214)
	at app//nova.ir.LlvmCodegenTest.integerSubtraction(LlvmCodegenTest.kt:80)
	at java.base@21.0.9/java.lang.reflect.Method.invoke(Method.java:580)
	at java.base@21.0.9/java.util.ArrayList.forEach(ArrayList.java:1596)
	at java.base@21.0.9/java.util.ArrayList.forEach(ArrayList.java:1596)
</failure>
  </testcase>
  <testcase name="comparison_resultZextToI64()" classname="nova.ir.LlvmCodegenTest" time="0.003">
    <failure message="org.opentest4j.AssertionFailedError: Comparison result must be zext i1 to i64 ==&gt; expected: &lt;true&gt; but was: &lt;false&gt;" type="org.opentest4j.AssertionFailedError">org.opentest4j.AssertionFailedError: Comparison result must be zext i1 to i64 ==&gt; expected: &lt;true&gt; but was: &lt;false&gt;
	at app//org.junit.jupiter.api.AssertionFailureBuilder.build(AssertionFailureBuilder.java:151)
	at app//org.junit.jupiter.api.AssertionFailureBuilder.buildAndThrow(AssertionFailureBuilder.java:132)
	at app//org.junit.jupiter.api.AssertTrue.failNotTrue(AssertTrue.java:63)
	at app//org.junit.jupiter.api.AssertTrue.assertTrue(AssertTrue.java:36)
	at app//org.junit.jupiter.api.Assertions.assertTrue(Assertions.java:214)
	at app//nova.ir.LlvmCodegenTest.comparison_resultZextToI64(LlvmCodegenTest.kt:153)
	at java.base@21.0.9/java.lang.reflect.Method.invoke(Method.java:580)
	at java.base@21.0.9/java.util.ArrayList.forEach(ArrayList.java:1596)
	at java.base@21.0.9/java.util.ArrayList.forEach(ArrayList.java:1596)
</failure>
  </testcase>
  <testcase name="comparison_equality()" classname="nova.ir.LlvmCodegenTest" time="0.003">
    <failure message="org.opentest4j.AssertionFailedError: Must emit icmp eq for == ==&gt; expected: &lt;true&gt; but was: &lt;false&gt;" type="org.opentest4j.AssertionFailedError">org.opentest4j.AssertionFailedError: Must emit icmp eq for == ==&gt; expected: &lt;true&gt; but was: &lt;false&gt;
	at app//org.junit.jupiter.api.AssertionFailureBuilder.build(AssertionFailureBuilder.java:151)
	at app//org.junit.jupiter.api.AssertionFailureBuilder.buildAndThrow(AssertionFailureBuilder.java:132)
	at app//org.junit.jupiter.api.AssertTrue.failNotTrue(AssertTrue.java:63)
	at app//org.junit.jupiter.api.AssertTrue.assertTrue(AssertTrue.java:36)
	at app//org.junit.jupiter.api.Assertions.assertTrue(Assertions.java:214)
	at app//nova.ir.LlvmCodegenTest.comparison_equality(LlvmCodegenTest.kt:142)
	at java.base@21.0.9/java.lang.reflect.Method.invoke(Method.java:580)
	at java.base@21.0.9/java.util.ArrayList.forEach(ArrayList.java:1596)
	at java.base@21.0.9/java.util.ArrayList.forEach(ArrayList.java:1596)
</failure>
  </testcase>
  <testcase name="integerDivision()" classname="nova.ir.LlvmCodegenTest" time="0.006">
    <failure message="org.opentest4j.AssertionFailedError: Must emit i64 sdiv instruction ==&gt; expected: &lt;true&gt; but was: &lt;false&gt;" type="org.opentest4j.AssertionFailedError">org.opentest4j.AssertionFailedError: Must emit i64 sdiv instruction ==&gt; expected: &lt;true&gt; but was: &lt;false&gt;
	at app//org.junit.jupiter.api.AssertionFailureBuilder.build(AssertionFailureBuilder.java:151)
	at app//org.junit.jupiter.api.AssertionFailureBuilder.buildAndThrow(AssertionFailureBuilder.java:132)
	at app//org.junit.jupiter.api.AssertTrue.failNotTrue(AssertTrue.java:63)
	at app//org.junit.jupiter.api.AssertTrue.assertTrue(AssertTrue.java:36)
	at app//org.junit.jupiter.api.Assertions.assertTrue(Assertions.java:214)
	at app//nova.ir.LlvmCodegenTest.integerDivision(LlvmCodegenTest.kt:98)
	at java.base@21.0.9/java.lang.reflect.Method.invoke(Method.java:580)
	at java.base@21.0.9/java.util.ArrayList.forEach(ArrayList.java:1596)
	at java.base@21.0.9/java.util.ArrayList.forEach(ArrayList.java:1596)
</failure>
  </testcase>
  <testcase name="functionCall_passesI64Args()" classname="nova.ir.LlvmCodegenTest" time="0.004">
    <failure message="org.opentest4j.AssertionFailedError: Call must pass i64 args ==&gt; expected: &lt;true&gt; but was: &lt;false&gt;" type="org.opentest4j.AssertionFailedError">org.opentest4j.AssertionFailedError: Call must pass i64 args ==&gt; expected: &lt;true&gt; but was: &lt;false&gt;
	at app//org.junit.jupiter.api.AssertionFailureBuilder.build(AssertionFailureBuilder.java:151)
	at app//org.junit.jupiter.api.AssertionFailureBuilder.buildAndThrow(AssertionFailureBuilder.java:132)
	at app//org.junit.jupiter.api.AssertTrue.failNotTrue(AssertTrue.java:63)
	at app//org.junit.jupiter.api.AssertTrue.assertTrue(AssertTrue.java:36)
	at app//org.junit.jupiter.api.Assertions.assertTrue(Assertions.java:214)
	at app//nova.ir.LlvmCodegenTest.functionCall_passesI64Args(LlvmCodegenTest.kt:238)
	at java.base@21.0.9/java.lang.reflect.Method.invoke(Method.java:580)
	at java.base@21.0.9/java.util.ArrayList.forEach(ArrayList.java:1596)
	at java.base@21.0.9/java.util.ArrayList.forEach(ArrayList.java:1596)
</failure>
  </testcase>
  <testcase name="emitsModuleHeader()" classname="nova.ir.LlvmCodegenTest" time="0.002"/>
  <testcase name="output_noUnclosedBraces()" classname="nova.ir.LlvmCodegenTest" time="0.007"/>
  <system-out><![CDATA[]]></system-out>
  <system-err><![CDATA[]]></system-err>
</testsuite>
