<?xml version="1.0" encoding="UTF-8"?>
<testsuite name="nova.ir.IrErasureTest" tests="27" skipped="0" failures="15" errors="0" timestamp="2026-05-20T06:48:40.076Z" hostname="LAPTOP-MARDE55D" time="0.395">
  <properties/>
  <testcase name="gate4_localChannel_zeroChannelOps()" classname="nova.ir.IrErasureTest" time="0.106">
    <failure message="java.lang.IllegalStateException: No function 'compute' in []" type="java.lang.IllegalStateException">java.lang.IllegalStateException: No function 'compute' in []
	at nova.ir.IrErasureTest.fn(IrErasureTest.kt:38)
	at nova.ir.IrErasureTest.gate4_localChannel_zeroChannelOps(IrErasureTest.kt:396)
	at java.base/java.lang.reflect.Method.invoke(Method.java:580)
	at java.base/java.util.ArrayList.forEach(ArrayList.java:1596)
	at java.base/java.util.ArrayList.forEach(ArrayList.java:1596)
</failure>
  </testcase>
  <testcase name="gate4_nestedFunctions()" classname="nova.ir.IrErasureTest" time="0.04"/>
  <testcase name="printer_gate4Module_noChannelText()" classname="nova.ir.IrErasureTest" time="0.026"/>
  <testcase name="gate4_helloWorld()" classname="nova.ir.IrErasureTest" time="0.002"/>
  <testcase name="gate4_lambdasAndHigherOrder()" classname="nova.ir.IrErasureTest" time="0.007"/>
  <testcase name="printer_erasedLocalChannel_noChannelCreate()" classname="nova.ir.IrErasureTest" time="0.002"/>
  <testcase name="conservative_noSpawn_channelIsErased()" classname="nova.ir.IrErasureTest" time="0.005">
    <failure message="java.lang.IllegalStateException: No function 'sequential' in []" type="java.lang.IllegalStateException">java.lang.IllegalStateException: No function 'sequential' in []
	at nova.ir.IrErasureTest.fn(IrErasureTest.kt:38)
	at nova.ir.IrErasureTest.conservative_noSpawn_channelIsErased(IrErasureTest.kt:290)
	at java.base/java.lang.reflect.Method.invoke(Method.java:580)
	at java.base/java.util.ArrayList.forEach(ArrayList.java:1596)
	at java.base/java.util.ArrayList.forEach(ArrayList.java:1596)
</failure>
  </testcase>
  <testcase name="localChannel_channelReceive_erased()" classname="nova.ir.IrErasureTest" time="0.005">
    <failure message="java.lang.IllegalStateException: No function 'pipe' in []" type="java.lang.IllegalStateException">java.lang.IllegalStateException: No function 'pipe' in []
	at nova.ir.IrErasureTest.fn(IrErasureTest.kt:38)
	at nova.ir.IrErasureTest.localChannel_channelReceive_erased(IrErasureTest.kt:172)
	at java.base/java.lang.reflect.Method.invoke(Method.java:580)
	at java.base/java.util.ArrayList.forEach(ArrayList.java:1596)
	at java.base/java.util.ArrayList.forEach(ArrayList.java:1596)
</failure>
  </testcase>
  <testcase name="conservative_spawn_channelCreateStillPresent()" classname="nova.ir.IrErasureTest" time="0.013">
    <failure message="java.lang.IllegalStateException: No function 'word_count' in []" type="java.lang.IllegalStateException">java.lang.IllegalStateException: No function 'word_count' in []
	at nova.ir.IrErasureTest.fn(IrErasureTest.kt:38)
	at nova.ir.IrErasureTest.conservative_spawn_channelCreateStillPresent(IrErasureTest.kt:275)
	at java.base/java.lang.reflect.Method.invoke(Method.java:580)
	at java.base/java.util.ArrayList.forEach(ArrayList.java:1596)
	at java.base/java.util.ArrayList.forEach(ArrayList.java:1596)
</failure>
  </testcase>
  <testcase name="conservative_spawn_channelPreserved()" classname="nova.ir.IrErasureTest" time="0.016">
    <failure message="java.lang.IllegalStateException: No function 'concurrent' in []" type="java.lang.IllegalStateException">java.lang.IllegalStateException: No function 'concurrent' in []
	at nova.ir.IrErasureTest.fn(IrErasureTest.kt:38)
	at nova.ir.IrErasureTest.conservative_spawn_channelPreserved(IrErasureTest.kt:257)
	at java.base/java.lang.reflect.Method.invoke(Method.java:580)
	at java.base/java.util.ArrayList.forEach(ArrayList.java:1596)
	at java.base/java.util.ArrayList.forEach(ArrayList.java:1596)
</failure>
  </testcase>
  <testcase name="localChannel_slotLoad_coalesced_byOptimizer()" classname="nova.ir.IrErasureTest" time="0.007">
    <failure message="java.lang.IllegalStateException: No function 'pipe' in []" type="java.lang.IllegalStateException">java.lang.IllegalStateException: No function 'pipe' in []
	at nova.ir.IrErasureTest.fn(IrErasureTest.kt:38)
	at nova.ir.IrErasureTest.localChannel_slotLoad_coalesced_byOptimizer(IrErasureTest.kt:188)
	at java.base/java.lang.reflect.Method.invoke(Method.java:580)
	at java.base/java.util.ArrayList.forEach(ArrayList.java:1596)
	at java.base/java.util.ArrayList.forEach(ArrayList.java:1596)
</failure>
  </testcase>
  <testcase name="module_channelFree_sameFunctionCount()" classname="nova.ir.IrErasureTest" time="0.006"/>
  <testcase name="gate4_functionsAndControlFlow()" classname="nova.ir.IrErasureTest" time="0.014"/>
  <testcase name="gate4_structsAndRecords()" classname="nova.ir.IrErasureTest" time="0.02"/>
  <testcase name="gate4_mathAndStrings()" classname="nova.ir.IrErasureTest" time="0.006"/>
  <testcase name="printer_worksOnErasedModule()" classname="nova.ir.IrErasureTest" time="0.003"/>
  <testcase name="localChannel_multipleChannels_bothSlotLoadsCoalesced()" classname="nova.ir.IrErasureTest" time="0.006">
    <failure message="java.lang.IllegalStateException: No function 'double_pipe' in []" type="java.lang.IllegalStateException">java.lang.IllegalStateException: No function 'double_pipe' in []
	at nova.ir.IrErasureTest.fn(IrErasureTest.kt:38)
	at nova.ir.IrErasureTest.localChannel_multipleChannels_bothSlotLoadsCoalesced(IrErasureTest.kt:238)
	at java.base/java.lang.reflect.Method.invoke(Method.java:580)
	at java.base/java.util.ArrayList.forEach(ArrayList.java:1596)
	at java.base/java.util.ArrayList.forEach(ArrayList.java:1596)
</failure>
  </testcase>
  <testcase name="module_structsPreserved()" classname="nova.ir.IrErasureTest" time="0.002"/>
  <testcase name="module_allFunctionsPreserved()" classname="nova.ir.IrErasureTest" time="0.012">
    <failure message="org.opentest4j.AssertionFailedError: foo must survive erasure ==&gt; expected: &lt;true&gt; but was: &lt;false&gt;" type="org.opentest4j.AssertionFailedError">org.opentest4j.AssertionFailedError: foo must survive erasure ==&gt; expected: &lt;true&gt; but was: &lt;false&gt;
	at app//org.junit.jupiter.api.AssertionFailureBuilder.build(AssertionFailureBuilder.java:151)
	at app//org.junit.jupiter.api.AssertionFailureBuilder.buildAndThrow(AssertionFailureBuilder.java:132)
	at app//org.junit.jupiter.api.AssertTrue.failNotTrue(AssertTrue.java:63)
	at app//org.junit.jupiter.api.AssertTrue.assertTrue(AssertTrue.java:36)
	at app//org.junit.jupiter.api.Assertions.assertTrue(Assertions.java:214)
	at app//nova.ir.IrErasureTest.module_allFunctionsPreserved(IrErasureTest.kt:351)
	at java.base@21.0.9/java.lang.reflect.Method.invoke(Method.java:580)
	at java.base@21.0.9/java.util.ArrayList.forEach(ArrayList.java:1596)
	at java.base@21.0.9/java.util.ArrayList.forEach(ArrayList.java:1596)
</failure>
  </testcase>
  <testcase name="gate4_forLoopAndList()" classname="nova.ir.IrErasureTest" time="0.011"/>
  <testcase name="module_originalNotMutated()" classname="nova.ir.IrErasureTest" time="0.004">
    <failure message="org.opentest4j.AssertionFailedError: IrErasure must not mutate the original module ==&gt; expected: &lt;true&gt; but was: &lt;false&gt;" type="org.opentest4j.AssertionFailedError">org.opentest4j.AssertionFailedError: IrErasure must not mutate the original module ==&gt; expected: &lt;true&gt; but was: &lt;false&gt;
	at app//org.junit.jupiter.api.AssertionFailureBuilder.build(AssertionFailureBuilder.java:151)
	at app//org.junit.jupiter.api.AssertionFailureBuilder.buildAndThrow(AssertionFailureBuilder.java:132)
	at app//org.junit.jupiter.api.AssertTrue.failNotTrue(AssertTrue.java:63)
	at app//org.junit.jupiter.api.AssertTrue.assertTrue(AssertTrue.java:36)
	at app//org.junit.jupiter.api.Assertions.assertTrue(Assertions.java:214)
	at app//nova.ir.IrErasureTest.module_originalNotMutated(IrErasureTest.kt:364)
	at java.base@21.0.9/java.lang.reflect.Method.invoke(Method.java:580)
	at java.base@21.0.9/java.util.ArrayList.forEach(ArrayList.java:1596)
	at java.base@21.0.9/java.util.ArrayList.forEach(ArrayList.java:1596)
</failure>
  </testcase>
  <testcase name="localChannel_withArithmetic()" classname="nova.ir.IrErasureTest" time="0.005">
    <failure message="java.lang.IllegalStateException: No function 'pass_through' in []" type="java.lang.IllegalStateException">java.lang.IllegalStateException: No function 'pass_through' in []
	at nova.ir.IrErasureTest.fn(IrErasureTest.kt:38)
	at nova.ir.IrErasureTest.localChannel_withArithmetic(IrErasureTest.kt:203)
	at java.base/java.lang.reflect.Method.invoke(Method.java:580)
	at java.base/java.util.ArrayList.forEach(ArrayList.java:1596)
	at java.base/java.util.ArrayList.forEach(ArrayList.java:1596)
</failure>
  </testcase>
  <testcase name="localChannel_channelCreate_erased()" classname="nova.ir.IrErasureTest" time="0.004">
    <failure message="java.lang.IllegalStateException: No function 'pipe' in []" type="java.lang.IllegalStateException">java.lang.IllegalStateException: No function 'pipe' in []
	at nova.ir.IrErasureTest.fn(IrErasureTest.kt:38)
	at nova.ir.IrErasureTest.localChannel_channelCreate_erased(IrErasureTest.kt:150)
	at java.base/java.lang.reflect.Method.invoke(Method.java:580)
	at java.base/java.util.ArrayList.forEach(ArrayList.java:1596)
	at java.base/java.util.ArrayList.forEach(ArrayList.java:1596)
</failure>
  </testcase>
  <testcase name="localChannel_multipleChannels_bothErased()" classname="nova.ir.IrErasureTest" time="0.009">
    <failure message="java.lang.IllegalStateException: No function 'double_pipe' in []" type="java.lang.IllegalStateException">java.lang.IllegalStateException: No function 'double_pipe' in []
	at nova.ir.IrErasureTest.fn(IrErasureTest.kt:38)
	at nova.ir.IrErasureTest.localChannel_multipleChannels_bothErased(IrErasureTest.kt:220)
	at java.base/java.lang.reflect.Method.invoke(Method.java:580)
	at java.base/java.util.ArrayList.forEach(ArrayList.java:1596)
	at java.base/java.util.ArrayList.forEach(ArrayList.java:1596)
</failure>
  </testcase>
  <testcase name="escaped_channelInDirectCall_notErased()" classname="nova.ir.IrErasureTest" time="0.007">
    <failure message="java.lang.IllegalStateException: No function 'pass_to_call' in []" type="java.lang.IllegalStateException">java.lang.IllegalStateException: No function 'pass_to_call' in []
	at nova.ir.IrErasureTest.fn(IrErasureTest.kt:38)
	at nova.ir.IrErasureTest.escaped_channelInDirectCall_notErased(IrErasureTest.kt:306)
	at java.base/java.lang.reflect.Method.invoke(Method.java:580)
	at java.base/java.util.ArrayList.forEach(ArrayList.java:1596)
	at java.base/java.util.ArrayList.forEach(ArrayList.java:1596)
</failure>
  </testcase>
  <testcase name="escaped_channelUsedAsCallArg_receiveAlsoPreserved()" classname="nova.ir.IrErasureTest" time="0.004">
    <failure message="java.lang.IllegalStateException: No function 'pass_to_call' in []" type="java.lang.IllegalStateException">java.lang.IllegalStateException: No function 'pass_to_call' in []
	at nova.ir.IrErasureTest.fn(IrErasureTest.kt:38)
	at nova.ir.IrErasureTest.escaped_channelUsedAsCallArg_receiveAlsoPreserved(IrErasureTest.kt:320)
	at java.base/java.lang.reflect.Method.invoke(Method.java:580)
	at java.base/java.util.ArrayList.forEach(ArrayList.java:1596)
	at java.base/java.util.ArrayList.forEach(ArrayList.java:1596)
</failure>
  </testcase>
  <testcase name="localChannel_channelSend_erased()" classname="nova.ir.IrErasureTest" time="0.005">
    <failure message="java.lang.IllegalStateException: No function 'pipe' in []" type="java.lang.IllegalStateException">java.lang.IllegalStateException: No function 'pipe' in []
	at nova.ir.IrErasureTest.fn(IrErasureTest.kt:38)
	at nova.ir.IrErasureTest.localChannel_channelSend_erased(IrErasureTest.kt:161)
	at java.base/java.lang.reflect.Method.invoke(Method.java:580)
	at java.base/java.util.ArrayList.forEach(ArrayList.java:1596)
	at java.base/java.util.ArrayList.forEach(ArrayList.java:1596)
</failure>
  </testcase>
  <system-out><![CDATA[]]></system-out>
  <system-err><![CDATA[]]></system-err>
</testsuite>
