<?xml version="1.0" encoding="UTF-8"?>
<testsuite name="nova.ownership.OwnershipCheckerTest" tests="25" skipped="0" failures="0" errors="0" timestamp="2026-05-20T06:48:41.466Z" hostname="LAPTOP-MARDE55D" time="0.159">
  <properties/>
  <testcase name="reassignmentAfterSendResetsToLive()" classname="nova.ownership.OwnershipCheckerTest" time="0.076"/>
  <testcase name="program5HttpServer()" classname="nova.ownership.OwnershipCheckerTest" time="0.004"/>
  <testcase name="loopVariableUsedInBodyNoError()" classname="nova.ownership.OwnershipCheckerTest" time="0.002"/>
  <testcase name="program2VariablesMathStrings()" classname="nova.ownership.OwnershipCheckerTest" time="0.002"/>
  <testcase name="program1HelloWorld()" classname="nova.ownership.OwnershipCheckerTest" time="0.001"/>
  <testcase name="program7AiInference()" classname="nova.ownership.OwnershipCheckerTest" time="0.0"/>
  <testcase name="spawnBlockCapturedVarStillLiveAfter()" classname="nova.ownership.OwnershipCheckerTest" time="0.002"/>
  <testcase name="multipleChannelsNoInterference()" classname="nova.ownership.OwnershipCheckerTest" time="0.003"/>
  <testcase name="useAfterSendIsError()" classname="nova.ownership.OwnershipCheckerTest" time="0.016"/>
  <testcase name="program3FunctionsControlFlow()" classname="nova.ownership.OwnershipCheckerTest" time="0.005"/>
  <testcase name="spawnBlockDoesNotMoveOuterVar()" classname="nova.ownership.OwnershipCheckerTest" time="0.001"/>
  <testcase name="copyPreventsMoveAllowsReuse()" classname="nova.ownership.OwnershipCheckerTest" time="0.001"/>
  <testcase name="channelPassedToMultipleSends()" classname="nova.ownership.OwnershipCheckerTest" time="0.001"/>
  <testcase name="program6ConcurrentWordCount()" classname="nova.ownership.OwnershipCheckerTest" time="0.006"/>
  <testcase name="memberAccessAfterSendIsError()" classname="nova.ownership.OwnershipCheckerTest" time="0.002"/>
  <testcase name="sendThenPassToFunctionIsError()" classname="nova.ownership.OwnershipCheckerTest" time="0.002"/>
  <testcase name="useInExprAfterSendIsError()" classname="nova.ownership.OwnershipCheckerTest" time="0.001"/>
  <testcase name="program10DistributedService()" classname="nova.ownership.OwnershipCheckerTest" time="0.001"/>
  <testcase name="sendTupleConstantNoError()" classname="nova.ownership.OwnershipCheckerTest" time="0.001"/>
  <testcase name="doubleSendIsError()" classname="nova.ownership.OwnershipCheckerTest" time="0.004"/>
  <testcase name="tupleDestructuringIsLive()" classname="nova.ownership.OwnershipCheckerTest" time="0.001"/>
  <testcase name="primitivesSentAndReusedNoError()" classname="nova.ownership.OwnershipCheckerTest" time="0.001"/>
  <testcase name="channelSentThenUsedIsOk()" classname="nova.ownership.OwnershipCheckerTest" time="0.001"/>
  <testcase name="program4ErrorHandling()" classname="nova.ownership.OwnershipCheckerTest" time="0.001"/>
  <testcase name="program9SystemsMemory()" classname="nova.ownership.OwnershipCheckerTest" time="0.002"/>
  <system-out><![CDATA[]]></system-out>
  <system-err><![CDATA[]]></system-err>
</testsuite>
