<?xml version="1.0" encoding="UTF-8"?>
<testsuite name="nova.repl.ReplTest" tests="26" skipped="0" failures="0" errors="0" timestamp="2026-05-20T06:48:41.921Z" hostname="LAPTOP-MARDE55D" time="0.107">
  <properties/>
  <testcase name="functionPersists()" classname="nova.repl.ReplTest" time="0.005"/>
  <testcase name="detectsIncompleteBrackets()" classname="nova.repl.ReplTest" time="0.001"/>
  <testcase name="forExprCollects()" classname="nova.repl.ReplTest" time="0.003"/>
  <testcase name="assignmentIsQuiet()" classname="nova.repl.ReplTest" time="0.001"/>
  <testcase name="evalIntLiteral()" classname="nova.repl.ReplTest" time="0.001"/>
  <testcase name="evalLambdaCall()" classname="nova.repl.ReplTest" time="0.002"/>
  <testcase name="multiLineFunction()" classname="nova.repl.ReplTest" time="0.003"/>
  <testcase name="completeCallNotIncomplete()" classname="nova.repl.ReplTest" time="0.001"/>
  <testcase name="evalStringInterpolation()" classname="nova.repl.ReplTest" time="0.001"/>
  <testcase name="evalPrintMultiLine()" classname="nova.repl.ReplTest" time="0.004"/>
  <testcase name="evalList()" classname="nova.repl.ReplTest" time="0.001"/>
  <testcase name="noTypeWhenDisabled()" classname="nova.repl.ReplTest" time="0.001"/>
  <testcase name="variableOverwrite()" classname="nova.repl.ReplTest" time="0.001"/>
  <testcase name="evalArithmetic()" classname="nova.repl.ReplTest" time="0.001"/>
  <testcase name="evalBooleanExpr()" classname="nova.repl.ReplTest" time="0.001"/>
  <testcase name="detectsIncompleteParens()" classname="nova.repl.ReplTest" time="0.004"/>
  <testcase name="evalPrint()" classname="nova.repl.ReplTest" time="0.002"/>
  <testcase name="evalTuple()" classname="nova.repl.ReplTest" time="0.002"/>
  <testcase name="undefinedVarError()" classname="nova.repl.ReplTest" time="0.002"/>
  <testcase name="detectsTrailingOperator()" classname="nova.repl.ReplTest" time="0.001"/>
  <testcase name="showsTypeForExpression()" classname="nova.repl.ReplTest" time="0.001"/>
  <testcase name="completeExprNotIncomplete()" classname="nova.repl.ReplTest" time="0.0"/>
  <testcase name="statePersists()" classname="nova.repl.ReplTest" time="0.002"/>
  <testcase name="parseErrorReported()" classname="nova.repl.ReplTest" time="0.009"/>
  <testcase name="evalStringLiteral()" classname="nova.repl.ReplTest" time="0.002"/>
  <testcase name="errorDoesNotCrashRepl()" classname="nova.repl.ReplTest" time="0.002"/>
  <system-out><![CDATA[Hello, World!
1
2
3
Hello, NOVA!
]]></system-out>
  <system-err><![CDATA[]]></system-err>
</testsuite>
