<?xml version="1.0" encoding="UTF-8"?>
<testsuite name="nova.ir.IrTest" tests="45" skipped="0" failures="0" errors="0" timestamp="2026-05-20T06:48:40.691Z" hostname="LAPTOP-MARDE55D" time="0.126">
  <properties/>
  <testcase name="program2_variablesMathStrings()" classname="nova.ir.IrTest" time="0.005"/>
  <testcase name="spawnBlockProducesSpawnAndLiftedFn()" classname="nova.ir.IrTest" time="0.002"/>
  <testcase name="program10_distributedService()" classname="nova.ir.IrTest" time="0.003"/>
  <testcase name="printerShowsListAppendForForExpr()" classname="nova.ir.IrTest" time="0.005"/>
  <testcase name="listLiteralProducesMakeList()" classname="nova.ir.IrTest" time="0.002"/>
  <testcase name="program8_fullStackSkeleton()" classname="nova.ir.IrTest" time="0.003"/>
  <testcase name="forExprCollectsWithListAppend()" classname="nova.ir.IrTest" time="0.003"/>
  <testcase name="memberCallExpandsToCallDirect()" classname="nova.ir.IrTest" time="0.002"/>
  <testcase name="lambdaLiftedAsMakeClosure()" classname="nova.ir.IrTest" time="0.001"/>
  <testcase name="program4_errorHandling()" classname="nova.ir.IrTest" time="0.002"/>
  <testcase name="printerShowsSlotAndConstInstructions()" classname="nova.ir.IrTest" time="0.002"/>
  <testcase name="program7_aiInference()" classname="nova.ir.IrTest" time="0.001"/>
  <testcase name="elseOpProducesBranch()" classname="nova.ir.IrTest" time="0.001"/>
  <testcase name="slotsAlwaysAllocatedInEntryBlock()" classname="nova.ir.IrTest" time="0.001"/>
  <testcase name="nestedFnHoistedWithQualifiedName()" classname="nova.ir.IrTest" time="0.001"/>
  <testcase name="fnHasReturnTerminator()" classname="nova.ir.IrTest" time="0.001"/>
  <testcase name="matchExprProducesMultipleBlocks()" classname="nova.ir.IrTest" time="0.005"/>
  <testcase name="whileLoopProducesBranchAndBackEdge()" classname="nova.ir.IrTest" time="0.002"/>
  <testcase name="program1_helloWorld()" classname="nova.ir.IrTest" time="0.001"/>
  <testcase name="typeDeclAddsStructToModule()" classname="nova.ir.IrTest" time="0.001"/>
  <testcase name="printerProducesValidOutput()" classname="nova.ir.IrTest" time="0.001"/>
  <testcase name="elseOpProducesIsError()" classname="nova.ir.IrTest" time="0.001"/>
  <testcase name="binaryOpsLower()" classname="nova.ir.IrTest" time="0.001"/>
  <testcase name="fnDeclHoistedToModule()" classname="nova.ir.IrTest" time="0.002"/>
  <testcase name="forLoopProducesBranchAndBackEdge()" classname="nova.ir.IrTest" time="0.003"/>
  <testcase name="ifExprProducesBranch()" classname="nova.ir.IrTest" time="0.001"/>
  <testcase name="program6_concurrentChannels()" classname="nova.ir.IrTest" time="0.003"/>
  <testcase name="sendBuiltinProducesChannelSend()" classname="nova.ir.IrTest" time="0.001"/>
  <testcase name="program9_systemsMemory()" classname="nova.ir.IrTest" time="0.002"/>
  <testcase name="tupleLiteralProducesMakeTuple()" classname="nova.ir.IrTest" time="0.005"/>
  <testcase name="printerShowsFunctionSignatureWithParams()" classname="nova.ir.IrTest" time="0.002"/>
  <testcase name="variableReadProducesSlotLoad()" classname="nova.ir.IrTest" time="0.001"/>
  <testcase name="receiveBuiltinProducesChannelReceive()" classname="nova.ir.IrTest" time="0.001"/>
  <testcase name="channelBuiltinProducesChannelCreate()" classname="nova.ir.IrTest" time="0.001"/>
  <testcase name="printerShowsChannelInstructions()" classname="nova.ir.IrTest" time="0.002"/>
  <testcase name="printerShowsReturnTerminators()" classname="nova.ir.IrTest" time="0.001"/>
  <testcase name="compoundAssignmentUsesAddBinaryOp()" classname="nova.ir.IrTest" time="0.001"/>
  <testcase name="program3_functionsAndControlFlow()" classname="nova.ir.IrTest" time="0.002"/>
  <testcase name="stringInterpolationProducesStringConcat()" classname="nova.ir.IrTest" time="0.001"/>
  <testcase name="elseOpProducesUnwrapError()" classname="nova.ir.IrTest" time="0.002"/>
  <testcase name="enumDeclAddsVariantsAsStructs()" classname="nova.ir.IrTest" time="0.003"/>
  <testcase name="mainHasReturnTerminator()" classname="nova.ir.IrTest" time="0.001"/>
  <testcase name="program5_httpServer()" classname="nova.ir.IrTest" time="0.003"/>
  <testcase name="variableAssignmentProducesSlotOps()" classname="nova.ir.IrTest" time="0.001"/>
  <testcase name="ifBlockExprProducesBranch()" classname="nova.ir.IrTest" time="0.001"/>
  <system-out><![CDATA[]]></system-out>
  <system-err><![CDATA[]]></system-err>
</testsuite>
