<?xml version="1.0" encoding="UTF-8"?>
<testsuite name="nova.types.TypeInfererTest" tests="30" skipped="0" failures="1" errors="0" timestamp="2026-05-20T06:48:42.033Z" hostname="LAPTOP-MARDE55D" time="0.138">
  <properties/>
  <testcase name="elseOpWithStringDefault()" classname="nova.types.TypeInfererTest" time="0.005"/>
  <testcase name="channelTypeInferred()" classname="nova.types.TypeInfererTest" time="0.002"/>
  <testcase name="intLiteralIsInt()" classname="nova.types.TypeInfererTest" time="0.003"/>
  <testcase name="identityFnUsedAtMultipleTypes()" classname="nova.types.TypeInfererTest" time="0.004"/>
  <testcase name="returnExprHasNothingType()" classname="nova.types.TypeInfererTest" time="0.002"/>
  <testcase name="rangeLiteralIsRange()" classname="nova.types.TypeInfererTest" time="0.001"/>
  <testcase name="factorialReturnType()" classname="nova.types.TypeInfererTest" time="0.002"/>
  <testcase name="elseReturnInFn()" classname="nova.types.TypeInfererTest" time="0.001"/>
  <testcase name="program1HelloWorld()" classname="nova.types.TypeInfererTest" time="0.001"/>
  <testcase name="memberAccessOnList()" classname="nova.types.TypeInfererTest" time="0.002"/>
  <testcase name="floatLiteralIsFloat()" classname="nova.types.TypeInfererTest" time="0.004"/>
  <testcase name="typeMismatchIsDetected()" classname="nova.types.TypeInfererTest" time="0.002">
    <failure message="org.opentest4j.AssertionFailedError: expected type error, got none" type="org.opentest4j.AssertionFailedError">org.opentest4j.AssertionFailedError: expected type error, got none
	at app//org.junit.jupiter.api.AssertionUtils.fail(AssertionUtils.java:38)
	at app//org.junit.jupiter.api.Assertions.fail(Assertions.java:138)
	at app//kotlin.test.junit5.JUnit5Asserter.fail(JUnitSupport.kt:56)
	at app//kotlin.test.Asserter$DefaultImpls.assertTrue(Assertions.kt:694)
	at app//kotlin.test.junit5.JUnit5Asserter.assertTrue(JUnitSupport.kt:30)
	at app//kotlin.test.Asserter$DefaultImpls.assertTrue(Assertions.kt:704)
	at app//kotlin.test.junit5.JUnit5Asserter.assertTrue(JUnitSupport.kt:30)
	at app//kotlin.test.AssertionsKt__AssertionsKt.assertTrue(Assertions.kt:44)
	at app//kotlin.test.AssertionsKt.assertTrue(Unknown Source)
	at app//nova.types.TypeInfererTest.typeMismatchIsDetected(TypeInfererTest.kt:253)
	at java.base@21.0.9/java.lang.reflect.Method.invoke(Method.java:580)
	at java.base@21.0.9/java.util.ArrayList.forEach(ArrayList.java:1596)
	at java.base@21.0.9/java.util.ArrayList.forEach(ArrayList.java:1596)
</failure>
  </testcase>
  <testcase name="zeroAnnotationsNeededForTypeSafety()" classname="nova.types.TypeInfererTest" time="0.014"/>
  <testcase name="spawnExprReturnsProcess()" classname="nova.types.TypeInfererTest" time="0.003"/>
  <testcase name="elseOpExtractsOkType()" classname="nova.types.TypeInfererTest" time="0.001"/>
  <testcase name="boolLiteralIsBool()" classname="nova.types.TypeInfererTest" time="0.004"/>
  <testcase name="forRangeInference()" classname="nova.types.TypeInfererTest" time="0.002"/>
  <testcase name="stringLiteralIsString()" classname="nova.types.TypeInfererTest" time="0.001"/>
  <testcase name="matchExpressionInference()" classname="nova.types.TypeInfererTest" time="0.001"/>
  <testcase name="mapLambdaInference()" classname="nova.types.TypeInfererTest" time="0.003"/>
  <testcase name="interpolatedStringIsString()" classname="nova.types.TypeInfererTest" time="0.002"/>
  <testcase name="typeDeclFieldAccess()" classname="nova.types.TypeInfererTest" time="0.001"/>
  <testcase name="arithmeticInference()" classname="nova.types.TypeInfererTest" time="0.002"/>
  <testcase name="program2Variables()" classname="nova.types.TypeInfererTest" time="0.001"/>
  <testcase name="spawnBlockStatement()" classname="nova.types.TypeInfererTest" time="0.003"/>
  <testcase name="importParsesWithoutError()" classname="nova.types.TypeInfererTest" time="0.0"/>
  <testcase name="tupleDestructuringInFor()" classname="nova.types.TypeInfererTest" time="0.002"/>
  <testcase name="fnDeclarationInferred()" classname="nova.types.TypeInfererTest" time="0.001"/>
  <testcase name="listLiteralIsListInt()" classname="nova.types.TypeInfererTest" time="0.001"/>
  <testcase name="wrongArgCountDetected()" classname="nova.types.TypeInfererTest" time="0.017"/>
  <system-out><![CDATA[]]></system-out>
  <system-err><![CDATA[]]></system-err>
</testsuite>
